{"/Users/usuario/Documents/personal/PruebaSenior/gestion-eventos/src/application/services/AsistenteAppService.ts": {"path":"/Users/usuario/Documents/personal/PruebaSenior/gestion-eventos/src/application/services/AsistenteAppService.ts","statementMap":{"0":{"start":{"line":1,"column":0},"end":{"line":1,"column":39}},"1":{"start":{"line":2,"column":0},"end":{"line":2,"column":26}},"2":{"start":{"line":3,"column":0},"end":{"line":3,"column":52}},"3":{"start":{"line":4,"column":0},"end":{"line":4,"column":119}},"4":{"start":{"line":5,"column":0},"end":{"line":5,"column":54}},"5":{"start":{"line":6,"column":0},"end":{"line":6,"column":65}},"6":{"start":{"line":7,"column":0},"end":{"line":7,"column":47}},"7":{"start":{"line":10,"column":7},"end":{"line":46,"column":null}},"8":{"start":{"line":11,"column":12},"end":{"line":11,"column":84}},"9":{"start":{"line":14,"column":23},"end":{"line":14,"column":81}},"10":{"start":{"line":15,"column":8},"end":{"line":15,"column":33}},"11":{"start":{"line":19,"column":32},"end":{"line":21,"column":null}},"12":{"start":{"line":23,"column":8},"end":{"line":23,"column":87}},"13":{"start":{"line":24,"column":8},"end":{"line":24,"column":42}},"14":{"start":{"line":28,"column":8},"end":{"line":28,"column":50}},"15":{"start":{"line":29,"column":32},"end":{"line":29,"column":86}},"16":{"start":{"line":30,"column":8},"end":{"line":30,"column":42}},"17":{"start":{"line":34,"column":23},"end":{"line":34,"column":80}},"18":{"start":{"line":35,"column":8},"end":{"line":37,"column":9}},"19":{"start":{"line":36,"column":12},"end":{"line":36,"column":81}},"20":{"start":{"line":38,"column":8},"end":{"line":38,"column":80}},"21":{"start":{"line":42,"column":8},"end":{"line":44,"column":9}},"22":{"start":{"line":43,"column":12},"end":{"line":43,"column":75}},"23":{"start":{"line":10,"column":13},"end":{"line":10,"column":32}},"24":{"start":{"line":10,"column":13},"end":{"line":46,"column":null}}},"fnMap":{"0":{"name":"(anonymous_1)","decl":{"start":{"line":10,"column":7},"end":{"line":10,"column":13}},"loc":{"start":{"line":10,"column":7},"end":{"line":46,"column":1}}},"1":{"name":"(anonymous_2)","decl":{"start":{"line":13,"column":4},"end":{"line":13,"column":9}},"loc":{"start":{"line":13,"column":45},"end":{"line":16,"column":5}}},"2":{"name":"(anonymous_3)","decl":{"start":{"line":18,"column":4},"end":{"line":18,"column":9}},"loc":{"start":{"line":18,"column":53},"end":{"line":25,"column":5}}},"3":{"name":"(anonymous_4)","decl":{"start":{"line":27,"column":4},"end":{"line":27,"column":9}},"loc":{"start":{"line":27,"column":55},"end":{"line":31,"column":5}}},"4":{"name":"(anonymous_5)","decl":{"start":{"line":33,"column":4},"end":{"line":33,"column":9}},"loc":{"start":{"line":33,"column":48},"end":{"line":39,"column":5}}},"5":{"name":"(anonymous_6)","decl":{"start":{"line":41,"column":12},"end":{"line":41,"column":37}},"loc":{"start":{"line":41,"column":68},"end":{"line":45,"column":5}}}},"branchMap":{"0":{"loc":{"start":{"line":35,"column":8},"end":{"line":37,"column":9}},"type":"if","locations":[{"start":{"line":35,"column":8},"end":{"line":37,"column":9}}]},"1":{"loc":{"start":{"line":42,"column":8},"end":{"line":44,"column":9}},"type":"if","locations":[{"start":{"line":42,"column":8},"end":{"line":44,"column":9}}]},"2":{"loc":{"start":{"line":42,"column":12},"end":{"line":42,"column":122}},"type":"binary-expr","locations":[{"start":{"line":42,"column":12},"end":{"line":42,"column":29}},{"start":{"line":42,"column":33},"end":{"line":42,"column":53}},{"start":{"line":42,"column":57},"end":{"line":42,"column":76}},{"start":{"line":42,"column":80},"end":{"line":42,"column":97}},{"start":{"line":42,"column":101},"end":{"line":42,"column":122}}]}},"s":{"0":1,"1":1,"2":1,"3":1,"4":1,"5":1,"6":1,"7":1,"8":1,"9":0,"10":0,"11":1,"12":1,"13":1,"14":0,"15":0,"16":0,"17":0,"18":0,"19":0,"20":0,"21":0,"22":0,"23":1,"24":1},"f":{"0":1,"1":0,"2":1,"3":0,"4":0,"5":0},"b":{"0":[0],"1":[0],"2":[0,0,0,0,0]}}
,"/Users/usuario/Documents/personal/PruebaSenior/gestion-eventos/src/application/services/AutenticacionAppService.ts": {"path":"/Users/usuario/Documents/personal/PruebaSenior/gestion-eventos/src/application/services/AutenticacionAppService.ts","statementMap":{"0":{"start":{"line":1,"column":0},"end":{"line":1,"column":39}},"1":{"start":{"line":2,"column":0},"end":{"line":2,"column":26}},"2":{"start":{"line":3,"column":0},"end":{"line":3,"column":50}},"3":{"start":{"line":4,"column":0},"end":{"line":4,"column":68}},"4":{"start":{"line":5,"column":0},"end":{"line":5,"column":59}},"5":{"start":{"line":7,"column":0},"end":{"line":7,"column":93}},"6":{"start":{"line":10,"column":7},"end":{"line":56,"column":null}},"7":{"start":{"line":11,"column":12},"end":{"line":11,"column":103}},"8":{"start":{"line":14,"column":30},"end":{"line":14,"column":71}},"9":{"start":{"line":15,"column":57},"end":{"line":18,"column":10}},"10":{"start":{"line":19,"column":8},"end":{"line":19,"column":46}},"11":{"start":{"line":22,"column":27},"end":{"line":22,"column":55}},"12":{"start":{"line":23,"column":30},"end":{"line":23,"column":71}},"13":{"start":{"line":24,"column":8},"end":{"line":24,"column":49}},"14":{"start":{"line":25,"column":8},"end":{"line":25,"column":79}},"15":{"start":{"line":26,"column":8},"end":{"line":26,"column":31}},"16":{"start":{"line":29,"column":8},"end":{"line":31,"column":9}},"17":{"start":{"line":30,"column":12},"end":{"line":30,"column":25}},"18":{"start":{"line":32,"column":27},"end":{"line":32,"column":44}},"19":{"start":{"line":33,"column":8},"end":{"line":35,"column":9}},"20":{"start":{"line":34,"column":12},"end":{"line":34,"column":25}},"21":{"start":{"line":36,"column":30},"end":{"line":36,"column":88}},"22":{"start":{"line":37,"column":8},"end":{"line":39,"column":9}},"23":{"start":{"line":38,"column":12},"end":{"line":38,"column":25}},"24":{"start":{"line":40,"column":8},"end":{"line":42,"column":9}},"25":{"start":{"line":41,"column":12},"end":{"line":41,"column":25}},"26":{"start":{"line":43,"column":8},"end":{"line":43,"column":20}},"27":{"start":{"line":46,"column":30},"end":{"line":46,"column":77}},"28":{"start":{"line":47,"column":8},"end":{"line":49,"column":9}},"29":{"start":{"line":48,"column":12},"end":{"line":48,"column":49}},"30":{"start":{"line":50,"column":28},"end":{"line":50,"column":78}},"31":{"start":{"line":51,"column":8},"end":{"line":53,"column":9}},"32":{"start":{"line":52,"column":12},"end":{"line":52,"column":49}},"33":{"start":{"line":54,"column":8},"end":{"line":54,"column":29}},"34":{"start":{"line":10,"column":13},"end":{"line":10,"column":36}},"35":{"start":{"line":10,"column":13},"end":{"line":56,"column":null}}},"fnMap":{"0":{"name":"(anonymous_1)","decl":{"start":{"line":10,"column":7},"end":{"line":10,"column":13}},"loc":{"start":{"line":10,"column":7},"end":{"line":56,"column":1}}},"1":{"name":"(anonymous_2)","decl":{"start":{"line":13,"column":4},"end":{"line":13,"column":9}},"loc":{"start":{"line":13,"column":51},"end":{"line":20,"column":5}}},"2":{"name":"(anonymous_3)","decl":{"start":{"line":21,"column":4},"end":{"line":21,"column":9}},"loc":{"start":{"line":21,"column":53},"end":{"line":27,"column":5}}},"3":{"name":"(anonymous_4)","decl":{"start":{"line":28,"column":4},"end":{"line":28,"column":9}},"loc":{"start":{"line":28,"column":48},"end":{"line":44,"column":5}}},"4":{"name":"(anonymous_5)","decl":{"start":{"line":45,"column":12},"end":{"line":45,"column":17}},"loc":{"start":{"line":45,"column":63},"end":{"line":55,"column":5}}}},"branchMap":{"0":{"loc":{"start":{"line":29,"column":8},"end":{"line":31,"column":9}},"type":"if","locations":[{"start":{"line":29,"column":8},"end":{"line":31,"column":9}}]},"1":{"loc":{"start":{"line":33,"column":8},"end":{"line":35,"column":9}},"type":"if","locations":[{"start":{"line":33,"column":8},"end":{"line":35,"column":9}}]},"2":{"loc":{"start":{"line":37,"column":8},"end":{"line":39,"column":9}},"type":"if","locations":[{"start":{"line":37,"column":8},"end":{"line":39,"column":9}}]},"3":{"loc":{"start":{"line":40,"column":8},"end":{"line":42,"column":9}},"type":"if","locations":[{"start":{"line":40,"column":8},"end":{"line":42,"column":9}}]},"4":{"loc":{"start":{"line":47,"column":8},"end":{"line":49,"column":9}},"type":"if","locations":[{"start":{"line":47,"column":8},"end":{"line":49,"column":9}}]},"5":{"loc":{"start":{"line":51,"column":8},"end":{"line":53,"column":9}},"type":"if","locations":[{"start":{"line":51,"column":8},"end":{"line":53,"column":9}}]}},"s":{"0":1,"1":1,"2":1,"3":1,"4":1,"5":1,"6":1,"7":1,"8":0,"9":0,"10":0,"11":0,"12":0,"13":0,"14":0,"15":0,"16":1,"17":0,"18":1,"19":1,"20":0,"21":1,"22":1,"23":0,"24":1,"25":0,"26":1,"27":0,"28":0,"29":0,"30":0,"31":0,"32":0,"33":0,"34":1,"35":1},"f":{"0":1,"1":0,"2":0,"3":1,"4":0},"b":{"0":[0],"1":[0],"2":[0],"3":[0],"4":[0],"5":[0]}}
,"/Users/usuario/Documents/personal/PruebaSenior/gestion-eventos/src/application/services/EventoAppService.ts": {"path":"/Users/usuario/Documents/personal/PruebaSenior/gestion-eventos/src/application/services/EventoAppService.ts","statementMap":{"0":{"start":{"line":1,"column":0},"end":{"line":1,"column":39}},"1":{"start":{"line":2,"column":0},"end":{"line":2,"column":26}},"2":{"start":{"line":3,"column":0},"end":{"line":3,"column":52}},"3":{"start":{"line":4,"column":0},"end":{"line":4,"column":null}},"4":{"start":{"line":13,"column":0},"end":{"line":13,"column":52}},"5":{"start":{"line":14,"column":0},"end":{"line":14,"column":77}},"6":{"start":{"line":16,"column":0},"end":{"line":16,"column":91}},"7":{"start":{"line":19,"column":7},"end":{"line":82,"column":null}},"8":{"start":{"line":20,"column":12},"end":{"line":20,"column":78}},"9":{"start":{"line":21,"column":12},"end":{"line":21,"column":72}},"10":{"start":{"line":22,"column":12},"end":{"line":22,"column":90}},"11":{"start":{"line":25,"column":23},"end":{"line":25,"column":66}},"12":{"start":{"line":26,"column":8},"end":{"line":26,"column":33}},"13":{"start":{"line":29,"column":29},"end":{"line":29,"column":189}},"14":{"start":{"line":30,"column":8},"end":{"line":30,"column":78}},"15":{"start":{"line":31,"column":8},"end":{"line":31,"column":39}},"16":{"start":{"line":34,"column":8},"end":{"line":34,"column":44}},"17":{"start":{"line":35,"column":29},"end":{"line":35,"column":77}},"18":{"start":{"line":36,"column":8},"end":{"line":36,"column":39}},"19":{"start":{"line":39,"column":23},"end":{"line":39,"column":65}},"20":{"start":{"line":40,"column":8},"end":{"line":42,"column":9}},"21":{"start":{"line":41,"column":12},"end":{"line":41,"column":66}},"22":{"start":{"line":43,"column":8},"end":{"line":43,"column":65}},"23":{"start":{"line":46,"column":29},"end":{"line":46,"column":76}},"24":{"start":{"line":49,"column":8},"end":{"line":55,"column":9}},"25":{"start":{"line":50,"column":41},"end":{"line":50,"column":87}},"26":{"start":{"line":51,"column":12},"end":{"line":51,"column":30}},"27":{"start":{"line":52,"column":12},"end":{"line":52,"column":30}},"28":{"start":{"line":54,"column":12},"end":{"line":54,"column":57}},"29":{"start":{"line":56,"column":24},"end":{"line":56,"column":91}},"30":{"start":{"line":57,"column":8},"end":{"line":57,"column":34}},"31":{"start":{"line":60,"column":26},"end":{"line":60,"column":90}},"32":{"start":{"line":61,"column":24},"end":{"line":61,"column":117}},"33":{"start":{"line":62,"column":8},"end":{"line":62,"column":34}},"34":{"start":{"line":65,"column":22},"end":{"line":65,"column":85}},"35":{"start":{"line":66,"column":8},"end":{"line":68,"column":9}},"36":{"start":{"line":67,"column":12},"end":{"line":67,"column":36}},"37":{"start":{"line":69,"column":27},"end":{"line":69,"column":80}},"38":{"start":{"line":70,"column":8},"end":{"line":70,"column":85}},"39":{"start":{"line":71,"column":8},"end":{"line":71,"column":37}},"40":{"start":{"line":74,"column":27},"end":{"line":74,"column":85}},"41":{"start":{"line":75,"column":8},"end":{"line":75,"column":37}},"42":{"start":{"line":78,"column":8},"end":{"line":80,"column":9}},"43":{"start":{"line":79,"column":12},"end":{"line":79,"column":75}},"44":{"start":{"line":19,"column":13},"end":{"line":19,"column":29}},"45":{"start":{"line":19,"column":13},"end":{"line":82,"column":null}}},"fnMap":{"0":{"name":"(anonymous_1)","decl":{"start":{"line":19,"column":7},"end":{"line":19,"column":13}},"loc":{"start":{"line":19,"column":7},"end":{"line":82,"column":1}}},"1":{"name":"(anonymous_2)","decl":{"start":{"line":24,"column":4},"end":{"line":24,"column":9}},"loc":{"start":{"line":24,"column":30},"end":{"line":27,"column":5}}},"2":{"name":"(anonymous_3)","decl":{"start":{"line":28,"column":4},"end":{"line":28,"column":9}},"loc":{"start":{"line":28,"column":44},"end":{"line":32,"column":5}}},"3":{"name":"(anonymous_4)","decl":{"start":{"line":33,"column":4},"end":{"line":33,"column":9}},"loc":{"start":{"line":33,"column":46},"end":{"line":37,"column":5}}},"4":{"name":"(anonymous_5)","decl":{"start":{"line":38,"column":4},"end":{"line":38,"column":9}},"loc":{"start":{"line":38,"column":33},"end":{"line":44,"column":5}}},"5":{"name":"(anonymous_6)","decl":{"start":{"line":45,"column":4},"end":{"line":45,"column":9}},"loc":{"start":{"line":45,"column":60},"end":{"line":58,"column":5}}},"6":{"name":"(anonymous_7)","decl":{"start":{"line":59,"column":4},"end":{"line":59,"column":9}},"loc":{"start":{"line":59,"column":84},"end":{"line":63,"column":5}}},"7":{"name":"(anonymous_8)","decl":{"start":{"line":64,"column":4},"end":{"line":64,"column":9}},"loc":{"start":{"line":64,"column":37},"end":{"line":72,"column":5}}},"8":{"name":"(anonymous_9)","decl":{"start":{"line":73,"column":4},"end":{"line":73,"column":9}},"loc":{"start":{"line":73,"column":27},"end":{"line":76,"column":5}}},"9":{"name":"(anonymous_10)","decl":{"start":{"line":77,"column":12},"end":{"line":77,"column":34}},"loc":{"start":{"line":77,"column":59},"end":{"line":81,"column":5}}}},"branchMap":{"0":{"loc":{"start":{"line":40,"column":8},"end":{"line":42,"column":9}},"type":"if","locations":[{"start":{"line":40,"column":8},"end":{"line":42,"column":9}}]},"1":{"loc":{"start":{"line":49,"column":8},"end":{"line":55,"column":9}},"type":"if","locations":[{"start":{"line":49,"column":8},"end":{"line":55,"column":9}},{"start":{"line":53,"column":15},"end":{"line":55,"column":9}}]},"2":{"loc":{"start":{"line":66,"column":8},"end":{"line":68,"column":9}},"type":"if","locations":[{"start":{"line":66,"column":8},"end":{"line":68,"column":9}}]},"3":{"loc":{"start":{"line":78,"column":8},"end":{"line":80,"column":9}},"type":"if","locations":[{"start":{"line":78,"column":8},"end":{"line":80,"column":9}}]},"4":{"loc":{"start":{"line":78,"column":12},"end":{"line":78,"column":97}},"type":"binary-expr","locations":[{"start":{"line":78,"column":12},"end":{"line":78,"column":26}},{"start":{"line":78,"column":30},"end":{"line":78,"column":43}},{"start":{"line":78,"column":47},"end":{"line":78,"column":59}},{"start":{"line":78,"column":63},"end":{"line":78,"column":80}},{"start":{"line":78,"column":84},"end":{"line":78,"column":97}}]}},"s":{"0":1,"1":1,"2":1,"3":1,"4":1,"5":1,"6":1,"7":1,"8":0,"9":0,"10":0,"11":0,"12":0,"13":0,"14":0,"15":0,"16":0,"17":0,"18":0,"19":0,"20":0,"21":0,"22":0,"23":0,"24":0,"25":0,"26":0,"27":0,"28":0,"29":0,"30":0,"31":0,"32":0,"33":0,"34":0,"35":0,"36":0,"37":0,"38":0,"39":0,"40":0,"41":0,"42":0,"43":0,"44":1,"45":1},"f":{"0":0,"1":0,"2":0,"3":0,"4":0,"5":0,"6":0,"7":0,"8":0,"9":0},"b":{"0":[0],"1":[0,0],"2":[0],"3":[0],"4":[0,0,0,0,0]}}
,"/Users/usuario/Documents/personal/PruebaSenior/gestion-eventos/src/application/services/ReservaAppService.ts": {"path":"/Users/usuario/Documents/personal/PruebaSenior/gestion-eventos/src/application/services/ReservaAppService.ts","statementMap":{"0":{"start":{"line":1,"column":0},"end":{"line":1,"column":39}},"1":{"start":{"line":2,"column":0},"end":{"line":2,"column":26}},"2":{"start":{"line":3,"column":0},"end":{"line":3,"column":52}},"3":{"start":{"line":4,"column":0},"end":{"line":4,"column":null}},"4":{"start":{"line":10,"column":0},"end":{"line":10,"column":54}},"5":{"start":{"line":11,"column":0},"end":{"line":11,"column":104}},"6":{"start":{"line":12,"column":0},"end":{"line":12,"column":91}},"7":{"start":{"line":15,"column":7},"end":{"line":49,"column":null}},"8":{"start":{"line":16,"column":12},"end":{"line":16,"column":80}},"9":{"start":{"line":17,"column":12},"end":{"line":17,"column":84}},"10":{"start":{"line":18,"column":12},"end":{"line":18,"column":78}},"11":{"start":{"line":19,"column":12},"end":{"line":19,"column":90}},"12":{"start":{"line":22,"column":23},"end":{"line":22,"column":67}},"13":{"start":{"line":23,"column":8},"end":{"line":23,"column":33}},"14":{"start":{"line":27,"column":8},"end":{"line":27,"column":78}},"15":{"start":{"line":28,"column":8},"end":{"line":28,"column":67}},"16":{"start":{"line":29,"column":30},"end":{"line":30,"column":null}},"17":{"start":{"line":32,"column":8},"end":{"line":32,"column":81}},"18":{"start":{"line":33,"column":8},"end":{"line":33,"column":40}},"19":{"start":{"line":37,"column":30},"end":{"line":37,"column":80}},"20":{"start":{"line":38,"column":8},"end":{"line":38,"column":100}},"21":{"start":{"line":39,"column":8},"end":{"line":39,"column":40}},"22":{"start":{"line":43,"column":23},"end":{"line":43,"column":66}},"23":{"start":{"line":44,"column":8},"end":{"line":46,"column":9}},"24":{"start":{"line":45,"column":12},"end":{"line":45,"column":67}},"25":{"start":{"line":47,"column":8},"end":{"line":47,"column":66}},"26":{"start":{"line":15,"column":13},"end":{"line":15,"column":30}},"27":{"start":{"line":15,"column":13},"end":{"line":49,"column":null}}},"fnMap":{"0":{"name":"(anonymous_1)","decl":{"start":{"line":15,"column":7},"end":{"line":15,"column":13}},"loc":{"start":{"line":15,"column":7},"end":{"line":49,"column":1}}},"1":{"name":"(anonymous_2)","decl":{"start":{"line":21,"column":4},"end":{"line":21,"column":9}},"loc":{"start":{"line":21,"column":31},"end":{"line":24,"column":5}}},"2":{"name":"(anonymous_3)","decl":{"start":{"line":26,"column":4},"end":{"line":26,"column":9}},"loc":{"start":{"line":26,"column":47},"end":{"line":34,"column":5}}},"3":{"name":"(anonymous_4)","decl":{"start":{"line":36,"column":4},"end":{"line":36,"column":9}},"loc":{"start":{"line":36,"column":49},"end":{"line":40,"column":5}}},"4":{"name":"(anonymous_5)","decl":{"start":{"line":42,"column":4},"end":{"line":42,"column":9}},"loc":{"start":{"line":42,"column":34},"end":{"line":48,"column":5}}}},"branchMap":{"0":{"loc":{"start":{"line":44,"column":8},"end":{"line":46,"column":9}},"type":"if","locations":[{"start":{"line":44,"column":8},"end":{"line":46,"column":9}}]}},"s":{"0":1,"1":1,"2":1,"3":1,"4":1,"5":1,"6":1,"7":1,"8":0,"9":0,"10":0,"11":0,"12":0,"13":0,"14":0,"15":0,"16":0,"17":0,"18":0,"19":0,"20":0,"21":0,"22":0,"23":0,"24":0,"25":0,"26":1,"27":1},"f":{"0":0,"1":0,"2":0,"3":0,"4":0},"b":{"0":[0]}}
,"/Users/usuario/Documents/personal/PruebaSenior/gestion-eventos/src/configuration/DependecyContainer.ts": {"path":"/Users/usuario/Documents/personal/PruebaSenior/gestion-eventos/src/configuration/DependecyContainer.ts","statementMap":{"0":{"start":{"line":1,"column":0},"end":{"line":1,"column":38}},"1":{"start":{"line":2,"column":0},"end":{"line":2,"column":26}},"2":{"start":{"line":3,"column":0},"end":{"line":3,"column":95}},"3":{"start":{"line":4,"column":0},"end":{"line":4,"column":58}},"4":{"start":{"line":6,"column":0},"end":{"line":6,"column":43}},"5":{"start":{"line":7,"column":0},"end":{"line":7,"column":null}},"6":{"start":{"line":22,"column":0},"end":{"line":22,"column":null}},"7":{"start":{"line":28,"column":0},"end":{"line":28,"column":86}},"8":{"start":{"line":30,"column":0},"end":{"line":30,"column":91}},"9":{"start":{"line":32,"column":13},"end":{"line":32,"column":52}},"10":{"start":{"line":34,"column":41},"end":{"line":57,"column":1}},"11":{"start":{"line":35,"column":4},"end":{"line":35,"column":100}},"12":{"start":{"line":36,"column":4},"end":{"line":36,"column":96}},"13":{"start":{"line":38,"column":4},"end":{"line":38,"column":72}},"14":{"start":{"line":40,"column":4},"end":{"line":40,"column":76}},"15":{"start":{"line":41,"column":4},"end":{"line":41,"column":79}},"16":{"start":{"line":42,"column":4},"end":{"line":42,"column":77}},"17":{"start":{"line":43,"column":4},"end":{"line":43,"column":83}},"18":{"start":{"line":45,"column":4},"end":{"line":45,"column":108}},"19":{"start":{"line":46,"column":4},"end":{"line":46,"column":111}},"20":{"start":{"line":47,"column":4},"end":{"line":47,"column":117}},"21":{"start":{"line":48,"column":4},"end":{"line":48,"column":111}},"22":{"start":{"line":49,"column":4},"end":{"line":49,"column":111}},"23":{"start":{"line":50,"column":4},"end":{"line":50,"column":124}},"24":{"start":{"line":52,"column":4},"end":{"line":52,"column":78}},"25":{"start":{"line":53,"column":4},"end":{"line":53,"column":75}},"26":{"start":{"line":54,"column":4},"end":{"line":54,"column":81}},"27":{"start":{"line":55,"column":4},"end":{"line":55,"column":79}},"28":{"start":{"line":56,"column":4},"end":{"line":56,"column":84}},"29":{"start":{"line":34,"column":13},"end":{"line":34,"column":41}}},"fnMap":{"0":{"name":"(anonymous_0)","decl":{"start":{"line":34,"column":41},"end":{"line":34,"column":50}},"loc":{"start":{"line":34,"column":52},"end":{"line":57,"column":1}}}},"branchMap":{},"s":{"0":1,"1":1,"2":1,"3":1,"4":1,"5":1,"6":1,"7":1,"8":1,"9":1,"10":1,"11":1,"12":1,"13":1,"14":1,"15":1,"16":1,"17":1,"18":1,"19":1,"20":1,"21":1,"22":1,"23":1,"24":1,"25":1,"26":1,"27":1,"28":1,"29":1},"f":{"0":1},"b":{}}
,"/Users/usuario/Documents/personal/PruebaSenior/gestion-eventos/src/configuration/Types.ts": {"path":"/Users/usuario/Documents/personal/PruebaSenior/gestion-eventos/src/configuration/Types.ts","statementMap":{"0":{"start":{"line":1,"column":13},"end":{"line":10,"column":2}}},"fnMap":{},"branchMap":{},"s":{"0":1},"f":{},"b":{}}
,"/Users/usuario/Documents/personal/PruebaSenior/gestion-eventos/src/domain/entities/AsistenteEntity.ts": {"path":"/Users/usuario/Documents/personal/PruebaSenior/gestion-eventos/src/domain/entities/AsistenteEntity.ts","statementMap":{"0":{"start":{"line":29,"column":8},"end":{"line":29,"column":21}},"1":{"start":{"line":30,"column":8},"end":{"line":30,"column":45}},"2":{"start":{"line":31,"column":8},"end":{"line":31,"column":29}},"3":{"start":{"line":32,"column":8},"end":{"line":32,"column":35}},"4":{"start":{"line":33,"column":8},"end":{"line":33,"column":33}},"5":{"start":{"line":34,"column":8},"end":{"line":34,"column":29}},"6":{"start":{"line":35,"column":8},"end":{"line":36,"column":25}},"7":{"start":{"line":37,"column":8},"end":{"line":37,"column":29}},"8":{"start":{"line":38,"column":8},"end":{"line":38,"column":35}},"9":{"start":{"line":39,"column":8},"end":{"line":39,"column":29}},"10":{"start":{"line":40,"column":8},"end":{"line":40,"column":39}},"11":{"start":{"line":41,"column":8},"end":{"line":41,"column":35}},"12":{"start":{"line":58,"column":8},"end":{"line":61,"column":10}},"13":{"start":{"line":1,"column":0},"end":{"line":1,"column":13}}},"fnMap":{"0":{"name":"(anonymous_0)","decl":{"start":{"line":15,"column":4},"end":{"line":15,"column":null}},"loc":{"start":{"line":27,"column":19},"end":{"line":42,"column":5}}},"1":{"name":"(anonymous_1)","decl":{"start":{"line":44,"column":4},"end":{"line":44,"column":10}},"loc":{"start":{"line":56,"column":19},"end":{"line":62,"column":5}}}},"branchMap":{},"s":{"0":1,"1":1,"2":1,"3":1,"4":1,"5":1,"6":1,"7":1,"8":1,"9":1,"10":1,"11":1,"12":1,"13":1},"f":{"0":1,"1":1},"b":{}}
,"/Users/usuario/Documents/personal/PruebaSenior/gestion-eventos/src/domain/entities/EventoEntity.ts": {"path":"/Users/usuario/Documents/personal/PruebaSenior/gestion-eventos/src/domain/entities/EventoEntity.ts","statementMap":{"0":{"start":{"line":37,"column":8},"end":{"line":37,"column":21}},"1":{"start":{"line":38,"column":8},"end":{"line":38,"column":29}},"2":{"start":{"line":39,"column":8},"end":{"line":39,"column":39}},"3":{"start":{"line":40,"column":8},"end":{"line":40,"column":27}},"4":{"start":{"line":41,"column":8},"end":{"line":41,"column":29}},"5":{"start":{"line":42,"column":8},"end":{"line":42,"column":27}},"6":{"start":{"line":43,"column":8},"end":{"line":43,"column":25}},"7":{"start":{"line":44,"column":8},"end":{"line":44,"column":35}},"8":{"start":{"line":45,"column":8},"end":{"line":45,"column":35}},"9":{"start":{"line":46,"column":8},"end":{"line":46,"column":27}},"10":{"start":{"line":47,"column":8},"end":{"line":47,"column":35}},"11":{"start":{"line":48,"column":8},"end":{"line":48,"column":29}},"12":{"start":{"line":49,"column":8},"end":{"line":49,"column":31}},"13":{"start":{"line":50,"column":8},"end":{"line":50,"column":29}},"14":{"start":{"line":51,"column":8},"end":{"line":51,"column":39}},"15":{"start":{"line":52,"column":8},"end":{"line":52,"column":35}},"16":{"start":{"line":73,"column":8},"end":{"line":76,"column":10}},"17":{"start":{"line":79,"column":8},"end":{"line":83,"column":10}},"18":{"start":{"line":1,"column":0},"end":{"line":1,"column":13}}},"fnMap":{"0":{"name":"(anonymous_0)","decl":{"start":{"line":19,"column":4},"end":{"line":19,"column":null}},"loc":{"start":{"line":35,"column":19},"end":{"line":53,"column":5}}},"1":{"name":"(anonymous_1)","decl":{"start":{"line":55,"column":4},"end":{"line":55,"column":10}},"loc":{"start":{"line":71,"column":19},"end":{"line":77,"column":5}}},"2":{"name":"(anonymous_2)","decl":{"start":{"line":78,"column":4},"end":{"line":78,"column":10}},"loc":{"start":{"line":78,"column":29},"end":{"line":84,"column":5}}}},"branchMap":{},"s":{"0":0,"1":0,"2":0,"3":0,"4":0,"5":0,"6":0,"7":0,"8":0,"9":0,"10":0,"11":0,"12":0,"13":0,"14":0,"15":0,"16":0,"17":0,"18":1},"f":{"0":0,"1":0,"2":0},"b":{}}
,"/Users/usuario/Documents/personal/PruebaSenior/gestion-eventos/src/domain/entities/ReservaEntity.ts": {"path":"/Users/usuario/Documents/personal/PruebaSenior/gestion-eventos/src/domain/entities/ReservaEntity.ts","statementMap":{"0":{"start":{"line":23,"column":8},"end":{"line":23,"column":21}},"1":{"start":{"line":24,"column":8},"end":{"line":24,"column":41}},"2":{"start":{"line":25,"column":8},"end":{"line":25,"column":35}},"3":{"start":{"line":26,"column":8},"end":{"line":26,"column":57}},"4":{"start":{"line":27,"column":8},"end":{"line":27,"column":49}},"5":{"start":{"line":28,"column":8},"end":{"line":28,"column":29}},"6":{"start":{"line":29,"column":8},"end":{"line":29,"column":29}},"7":{"start":{"line":30,"column":8},"end":{"line":30,"column":39}},"8":{"start":{"line":31,"column":8},"end":{"line":31,"column":35}},"9":{"start":{"line":45,"column":8},"end":{"line":48,"column":10}},"10":{"start":{"line":1,"column":0},"end":{"line":1,"column":13}}},"fnMap":{"0":{"name":"(anonymous_0)","decl":{"start":{"line":12,"column":4},"end":{"line":12,"column":null}},"loc":{"start":{"line":21,"column":19},"end":{"line":32,"column":5}}},"1":{"name":"(anonymous_1)","decl":{"start":{"line":34,"column":4},"end":{"line":34,"column":10}},"loc":{"start":{"line":43,"column":19},"end":{"line":49,"column":5}}}},"branchMap":{"0":{"loc":{"start":{"line":26,"column":29},"end":{"line":26,"column":56}},"type":"binary-expr","locations":[{"start":{"line":26,"column":29},"end":{"line":26,"column":42}},{"start":{"line":26,"column":46},"end":{"line":26,"column":56}}]},"1":{"loc":{"start":{"line":38,"column":8},"end":{"line":38,"column":36}},"type":"default-arg","locations":[{"start":{"line":38,"column":25},"end":{"line":38,"column":36}}]}},"s":{"0":0,"1":0,"2":0,"3":0,"4":0,"5":0,"6":0,"7":0,"8":0,"9":0,"10":1},"f":{"0":0,"1":0},"b":{"0":[0,0],"1":[0]}}
,"/Users/usuario/Documents/personal/PruebaSenior/gestion-eventos/src/domain/entities/UsuarioEntity.ts": {"path":"/Users/usuario/Documents/personal/PruebaSenior/gestion-eventos/src/domain/entities/UsuarioEntity.ts","statementMap":{"0":{"start":{"line":25,"column":8},"end":{"line":25,"column":21}},"1":{"start":{"line":26,"column":8},"end":{"line":26,"column":31}},"2":{"start":{"line":27,"column":8},"end":{"line":27,"column":27}},"3":{"start":{"line":28,"column":8},"end":{"line":28,"column":29}},"4":{"start":{"line":29,"column":8},"end":{"line":29,"column":29}},"5":{"start":{"line":30,"column":8},"end":{"line":30,"column":33}},"6":{"start":{"line":31,"column":8},"end":{"line":31,"column":29}},"7":{"start":{"line":32,"column":8},"end":{"line":32,"column":23}},"8":{"start":{"line":33,"column":8},"end":{"line":33,"column":29}},"9":{"start":{"line":34,"column":8},"end":{"line":34,"column":39}},"10":{"start":{"line":49,"column":8},"end":{"line":52,"column":10}},"11":{"start":{"line":1,"column":0},"end":{"line":1,"column":13}}},"fnMap":{"0":{"name":"(anonymous_0)","decl":{"start":{"line":13,"column":4},"end":{"line":13,"column":null}},"loc":{"start":{"line":23,"column":19},"end":{"line":35,"column":5}}},"1":{"name":"(anonymous_1)","decl":{"start":{"line":37,"column":4},"end":{"line":37,"column":10}},"loc":{"start":{"line":47,"column":19},"end":{"line":53,"column":5}}}},"branchMap":{"0":{"loc":{"start":{"line":40,"column":8},"end":{"line":40,"column":30}},"type":"default-arg","locations":[{"start":{"line":40,"column":26},"end":{"line":40,"column":30}}]},"1":{"loc":{"start":{"line":41,"column":8},"end":{"line":41,"column":31}},"type":"default-arg","locations":[{"start":{"line":41,"column":22},"end":{"line":41,"column":31}}]}},"s":{"0":0,"1":0,"2":0,"3":0,"4":0,"5":0,"6":0,"7":0,"8":0,"9":0,"10":0,"11":1},"f":{"0":0,"1":0},"b":{"0":[0],"1":[0]}}
,"/Users/usuario/Documents/personal/PruebaSenior/gestion-eventos/src/domain/exceptions/ErrorCode.ts": {"path":"/Users/usuario/Documents/personal/PruebaSenior/gestion-eventos/src/domain/exceptions/ErrorCode.ts","statementMap":{"0":{"start":{"line":1,"column":0},"end":{"line":1,"column":null}},"1":{"start":{"line":2,"column":4},"end":{"line":2,"column":null}},"2":{"start":{"line":3,"column":4},"end":{"line":3,"column":null}},"3":{"start":{"line":4,"column":4},"end":{"line":4,"column":null}},"4":{"start":{"line":5,"column":4},"end":{"line":5,"column":null}},"5":{"start":{"line":6,"column":4},"end":{"line":6,"column":null}},"6":{"start":{"line":7,"column":4},"end":{"line":7,"column":null}},"7":{"start":{"line":8,"column":4},"end":{"line":8,"column":null}},"8":{"start":{"line":11,"column":0},"end":{"line":11,"column":null}},"9":{"start":{"line":12,"column":4},"end":{"line":12,"column":null}},"10":{"start":{"line":13,"column":4},"end":{"line":13,"column":null}},"11":{"start":{"line":14,"column":4},"end":{"line":14,"column":null}},"12":{"start":{"line":15,"column":4},"end":{"line":15,"column":null}},"13":{"start":{"line":16,"column":4},"end":{"line":16,"column":null}},"14":{"start":{"line":17,"column":4},"end":{"line":17,"column":null}},"15":{"start":{"line":18,"column":4},"end":{"line":18,"column":null}},"16":{"start":{"line":19,"column":4},"end":{"line":19,"column":null}},"17":{"start":{"line":20,"column":4},"end":{"line":20,"column":null}},"18":{"start":{"line":21,"column":4},"end":{"line":21,"column":null}},"19":{"start":{"line":22,"column":4},"end":{"line":22,"column":null}},"20":{"start":{"line":23,"column":4},"end":{"line":23,"column":null}},"21":{"start":{"line":24,"column":4},"end":{"line":24,"column":null}},"22":{"start":{"line":25,"column":4},"end":{"line":25,"column":null}},"23":{"start":{"line":26,"column":4},"end":{"line":26,"column":null}},"24":{"start":{"line":27,"column":4},"end":{"line":27,"column":null}},"25":{"start":{"line":28,"column":4},"end":{"line":28,"column":null}}},"fnMap":{"0":{"name":"(anonymous_0)","decl":{"start":{"line":1,"column":0},"end":{"line":1,"column":12}},"loc":{"start":{"line":1,"column":21},"end":{"line":9,"column":1}}},"1":{"name":"(anonymous_1)","decl":{"start":{"line":11,"column":0},"end":{"line":11,"column":12}},"loc":{"start":{"line":11,"column":22},"end":{"line":29,"column":1}}}},"branchMap":{"0":{"loc":{"start":{"line":1,"column":12},"end":{"line":1,"column":null}},"type":"binary-expr","locations":[{"start":{"line":1,"column":12},"end":{"line":1,"column":21}},{"start":{"line":1,"column":21},"end":{"line":1,"column":null}}]},"1":{"loc":{"start":{"line":11,"column":12},"end":{"line":11,"column":null}},"type":"binary-expr","locations":[{"start":{"line":11,"column":12},"end":{"line":11,"column":22}},{"start":{"line":11,"column":22},"end":{"line":11,"column":null}}]}},"s":{"0":1,"1":1,"2":1,"3":1,"4":1,"5":1,"6":1,"7":1,"8":1,"9":1,"10":1,"11":1,"12":1,"13":1,"14":1,"15":1,"16":1,"17":1,"18":1,"19":1,"20":1,"21":1,"22":1,"23":1,"24":1,"25":1},"f":{"0":1,"1":1},"b":{"0":[1,1],"1":[1,1]}}
,"/Users/usuario/Documents/personal/PruebaSenior/gestion-eventos/src/domain/exceptions/ErrorMessages.ts": {"path":"/Users/usuario/Documents/personal/PruebaSenior/gestion-eventos/src/domain/exceptions/ErrorMessages.ts","statementMap":{"0":{"start":{"line":1,"column":0},"end":{"line":1,"column":null}},"1":{"start":{"line":2,"column":4},"end":{"line":2,"column":null}}},"fnMap":{"0":{"name":"(anonymous_0)","decl":{"start":{"line":1,"column":0},"end":{"line":1,"column":12}},"loc":{"start":{"line":1,"column":25},"end":{"line":3,"column":1}}}},"branchMap":{"0":{"loc":{"start":{"line":1,"column":12},"end":{"line":1,"column":null}},"type":"binary-expr","locations":[{"start":{"line":1,"column":12},"end":{"line":1,"column":25}},{"start":{"line":1,"column":25},"end":{"line":1,"column":null}}]}},"s":{"0":1,"1":1},"f":{"0":1},"b":{"0":[1,1]}}
,"/Users/usuario/Documents/personal/PruebaSenior/gestion-eventos/src/domain/exceptions/Exceptions.ts": {"path":"/Users/usuario/Documents/personal/PruebaSenior/gestion-eventos/src/domain/exceptions/Exceptions.ts","statementMap":{"0":{"start":{"line":1,"column":0},"end":{"line":1,"column":52}},"1":{"start":{"line":11,"column":8},"end":{"line":11,"column":28}},"2":{"start":{"line":12,"column":8},"end":{"line":12,"column":31}},"3":{"start":{"line":13,"column":8},"end":{"line":13,"column":25}},"4":{"start":{"line":14,"column":8},"end":{"line":14,"column":37}},"5":{"start":{"line":15,"column":8},"end":{"line":15,"column":35}},"6":{"start":{"line":3,"column":0},"end":{"line":3,"column":22}},"7":{"start":{"line":21,"column":8},"end":{"line":21,"column":68}},"8":{"start":{"line":19,"column":0},"end":{"line":19,"column":13}},"9":{"start":{"line":27,"column":8},"end":{"line":27,"column":79}},"10":{"start":{"line":25,"column":0},"end":{"line":25,"column":13}},"11":{"start":{"line":33,"column":24},"end":{"line":33,"column":72}},"12":{"start":{"line":34,"column":8},"end":{"line":34,"column":78}},"13":{"start":{"line":31,"column":0},"end":{"line":31,"column":13}},"14":{"start":{"line":40,"column":8},"end":{"line":40,"column":81}},"15":{"start":{"line":38,"column":0},"end":{"line":38,"column":13}},"16":{"start":{"line":46,"column":8},"end":{"line":46,"column":60}},"17":{"start":{"line":44,"column":0},"end":{"line":44,"column":13}},"18":{"start":{"line":52,"column":24},"end":{"line":52,"column":50}},"19":{"start":{"line":53,"column":8},"end":{"line":93,"column":9}},"20":{"start":{"line":56,"column":16},"end":{"line":56,"column":97}},"21":{"start":{"line":57,"column":16},"end":{"line":57,"column":22}},"22":{"start":{"line":60,"column":16},"end":{"line":60,"column":94}},"23":{"start":{"line":61,"column":16},"end":{"line":61,"column":22}},"24":{"start":{"line":64,"column":16},"end":{"line":64,"column":85}},"25":{"start":{"line":65,"column":16},"end":{"line":65,"column":22}},"26":{"start":{"line":68,"column":16},"end":{"line":68,"column":98}},"27":{"start":{"line":69,"column":16},"end":{"line":69,"column":22}},"28":{"start":{"line":72,"column":16},"end":{"line":72,"column":98}},"29":{"start":{"line":73,"column":16},"end":{"line":73,"column":22}},"30":{"start":{"line":76,"column":16},"end":{"line":76,"column":92}},"31":{"start":{"line":77,"column":16},"end":{"line":77,"column":22}},"32":{"start":{"line":80,"column":16},"end":{"line":80,"column":98}},"33":{"start":{"line":81,"column":16},"end":{"line":81,"column":22}},"34":{"start":{"line":84,"column":16},"end":{"line":84,"column":87}},"35":{"start":{"line":85,"column":16},"end":{"line":85,"column":22}},"36":{"start":{"line":88,"column":16},"end":{"line":88,"column":100}},"37":{"start":{"line":89,"column":16},"end":{"line":89,"column":22}},"38":{"start":{"line":91,"column":16},"end":{"line":91,"column":98}},"39":{"start":{"line":92,"column":16},"end":{"line":92,"column":22}},"40":{"start":{"line":50,"column":0},"end":{"line":50,"column":13}}},"fnMap":{"0":{"name":"(anonymous_0)","decl":{"start":{"line":10,"column":4},"end":{"line":10,"column":16}},"loc":{"start":{"line":10,"column":84},"end":{"line":16,"column":5}}},"1":{"name":"(anonymous_1)","decl":{"start":{"line":20,"column":4},"end":{"line":20,"column":16}},"loc":{"start":{"line":20,"column":46},"end":{"line":22,"column":5}}},"2":{"name":"(anonymous_2)","decl":{"start":{"line":26,"column":4},"end":{"line":26,"column":16}},"loc":{"start":{"line":26,"column":46},"end":{"line":28,"column":5}}},"3":{"name":"(anonymous_3)","decl":{"start":{"line":32,"column":4},"end":{"line":32,"column":null}},"loc":{"start":{"line":32,"column":4},"end":{"line":35,"column":5}}},"4":{"name":"(anonymous_4)","decl":{"start":{"line":39,"column":4},"end":{"line":39,"column":16}},"loc":{"start":{"line":39,"column":46},"end":{"line":41,"column":5}}},"5":{"name":"(anonymous_5)","decl":{"start":{"line":45,"column":4},"end":{"line":45,"column":16}},"loc":{"start":{"line":45,"column":31},"end":{"line":47,"column":5}}},"6":{"name":"(anonymous_6)","decl":{"start":{"line":51,"column":4},"end":{"line":51,"column":16}},"loc":{"start":{"line":51,"column":66},"end":{"line":94,"column":5}}}},"branchMap":{"0":{"loc":{"start":{"line":15,"column":21},"end":{"line":15,"column":34}},"type":"binary-expr","locations":[{"start":{"line":15,"column":21},"end":{"line":15,"column":26}},{"start":{"line":15,"column":30},"end":{"line":15,"column":34}}]},"1":{"loc":{"start":{"line":53,"column":8},"end":{"line":93,"column":9}},"type":"switch","locations":[{"start":{"line":54,"column":12},"end":{"line":54,"column":19}},{"start":{"line":55,"column":12},"end":{"line":57,"column":22}},{"start":{"line":58,"column":12},"end":{"line":58,"column":19}},{"start":{"line":59,"column":12},"end":{"line":61,"column":22}},{"start":{"line":62,"column":12},"end":{"line":62,"column":19}},{"start":{"line":63,"column":12},"end":{"line":65,"column":22}},{"start":{"line":66,"column":12},"end":{"line":66,"column":19}},{"start":{"line":67,"column":12},"end":{"line":69,"column":22}},{"start":{"line":70,"column":12},"end":{"line":70,"column":19}},{"start":{"line":71,"column":12},"end":{"line":73,"column":22}},{"start":{"line":74,"column":12},"end":{"line":74,"column":19}},{"start":{"line":75,"column":12},"end":{"line":77,"column":22}},{"start":{"line":78,"column":12},"end":{"line":78,"column":19}},{"start":{"line":79,"column":12},"end":{"line":81,"column":22}},{"start":{"line":82,"column":12},"end":{"line":82,"column":19}},{"start":{"line":83,"column":12},"end":{"line":85,"column":22}},{"start":{"line":86,"column":12},"end":{"line":86,"column":19}},{"start":{"line":87,"column":12},"end":{"line":89,"column":22}},{"start":{"line":90,"column":12},"end":{"line":92,"column":22}}]}},"s":{"0":1,"1":0,"2":0,"3":0,"4":0,"5":0,"6":1,"7":0,"8":1,"9":0,"10":1,"11":0,"12":0,"13":1,"14":0,"15":1,"16":0,"17":1,"18":0,"19":0,"20":0,"21":0,"22":0,"23":0,"24":0,"25":0,"26":0,"27":0,"28":0,"29":0,"30":0,"31":0,"32":0,"33":0,"34":0,"35":0,"36":0,"37":0,"38":0,"39":0,"40":1},"f":{"0":0,"1":0,"2":0,"3":0,"4":0,"5":0,"6":0},"b":{"0":[0,0],"1":[0,0,0,0,0,0,0,0,0,0,0,0,0,0,0,0,0,0,0]}}
,"/Users/usuario/Documents/personal/PruebaSenior/gestion-eventos/src/domain/response/Result.ts": {"path":"/Users/usuario/Documents/personal/PruebaSenior/gestion-eventos/src/domain/response/Result.ts","statementMap":{"0":{"start":{"line":11,"column":8},"end":{"line":15,"column":10}},"1":{"start":{"line":19,"column":8},"end":{"line":19,"column":24}},"2":{"start":{"line":9,"column":0},"end":{"line":9,"column":13}}},"fnMap":{"0":{"name":"(anonymous_0)","decl":{"start":{"line":10,"column":4},"end":{"line":10,"column":10}},"loc":{"start":{"line":10,"column":25},"end":{"line":16,"column":5}}},"1":{"name":"(anonymous_1)","decl":{"start":{"line":18,"column":4},"end":{"line":18,"column":10}},"loc":{"start":{"line":18,"column":46},"end":{"line":20,"column":5}}}},"branchMap":{"0":{"loc":{"start":{"line":13,"column":18},"end":{"line":13,"column":30}},"type":"binary-expr","locations":[{"start":{"line":13,"column":18},"end":{"line":13,"column":22}},{"start":{"line":13,"column":26},"end":{"line":13,"column":30}}]}},"s":{"0":1,"1":0,"2":1},"f":{"0":1,"1":0},"b":{"0":[1,0]}}
,"/Users/usuario/Documents/personal/PruebaSenior/gestion-eventos/src/domain/services/CorreoDomainService.ts": {"path":"/Users/usuario/Documents/personal/PruebaSenior/gestion-eventos/src/domain/services/CorreoDomainService.ts","statementMap":{"0":{"start":{"line":1,"column":29},"end":{"line":10,"column":1}},"1":{"start":{"line":2,"column":19},"end":{"line":2,"column":82}},"2":{"start":{"line":3,"column":4},"end":{"line":5,"column":5}},"3":{"start":{"line":4,"column":8},"end":{"line":4,"column":50}},"4":{"start":{"line":6,"column":4},"end":{"line":8,"column":5}},"5":{"start":{"line":7,"column":8},"end":{"line":7,"column":64}},"6":{"start":{"line":9,"column":4},"end":{"line":9,"column":18}},"7":{"start":{"line":1,"column":13},"end":{"line":1,"column":29}}},"fnMap":{"0":{"name":"(anonymous_0)","decl":{"start":{"line":1,"column":29},"end":{"line":1,"column":30}},"loc":{"start":{"line":1,"column":56},"end":{"line":10,"column":1}}}},"branchMap":{"0":{"loc":{"start":{"line":3,"column":4},"end":{"line":5,"column":5}},"type":"if","locations":[{"start":{"line":3,"column":4},"end":{"line":5,"column":5}}]},"1":{"loc":{"start":{"line":6,"column":4},"end":{"line":8,"column":5}},"type":"if","locations":[{"start":{"line":6,"column":4},"end":{"line":8,"column":5}}]}},"s":{"0":1,"1":1,"2":1,"3":0,"4":1,"5":0,"6":1,"7":1},"f":{"0":1},"b":{"0":[0],"1":[0]}}
,"/Users/usuario/Documents/personal/PruebaSenior/gestion-eventos/src/domain/services/CriptografiaDomainService.ts": {"path":"/Users/usuario/Documents/personal/PruebaSenior/gestion-eventos/src/domain/services/CriptografiaDomainService.ts","statementMap":{"0":{"start":{"line":3,"column":0},"end":{"line":3,"column":7}},"1":{"start":{"line":10,"column":0},"end":{"line":10,"column":7}},"2":{"start":{"line":1,"column":0},"end":{"line":1,"column":35}},"3":{"start":{"line":4,"column":23},"end":{"line":4,"column":25}},"4":{"start":{"line":5,"column":17},"end":{"line":5,"column":49}},"5":{"start":{"line":6,"column":4},"end":{"line":7,"column":14}},"6":{"start":{"line":11,"column":4},"end":{"line":11,"column":52}}},"fnMap":{"0":{"name":"encryptPassword","decl":{"start":{"line":3,"column":22},"end":{"line":3,"column":37}},"loc":{"start":{"line":3,"column":54},"end":{"line":8,"column":1}}},"1":{"name":"validatePassword","decl":{"start":{"line":10,"column":22},"end":{"line":10,"column":38}},"loc":{"start":{"line":10,"column":79},"end":{"line":12,"column":1}}}},"branchMap":{},"s":{"0":1,"1":1,"2":1,"3":0,"4":0,"5":0,"6":0},"f":{"0":0,"1":0},"b":{}}
,"/Users/usuario/Documents/personal/PruebaSenior/gestion-eventos/src/domain/services/DireccionDomainService.ts": {"path":"/Users/usuario/Documents/personal/PruebaSenior/gestion-eventos/src/domain/services/DireccionDomainService.ts","statementMap":{"0":{"start":{"line":1,"column":37},"end":{"line":3,"column":1}},"1":{"start":{"line":2,"column":4},"end":{"line":2,"column":61}},"2":{"start":{"line":1,"column":14},"end":{"line":1,"column":37}}},"fnMap":{"0":{"name":"(anonymous_0)","decl":{"start":{"line":1,"column":37},"end":{"line":1,"column":38}},"loc":{"start":{"line":1,"column":75},"end":{"line":3,"column":1}}}},"branchMap":{},"s":{"0":1,"1":1,"2":1},"f":{"0":1},"b":{}}
,"/Users/usuario/Documents/personal/PruebaSenior/gestion-eventos/src/domain/services/TokenDomainServices.ts": {"path":"/Users/usuario/Documents/personal/PruebaSenior/gestion-eventos/src/domain/services/TokenDomainServices.ts","statementMap":{"0":{"start":{"line":2,"column":0},"end":{"line":2,"column":31}},"1":{"start":{"line":3,"column":0},"end":{"line":3,"column":30}},"2":{"start":{"line":5,"column":28},"end":{"line":7,"column":1}},"3":{"start":{"line":6,"column":4},"end":{"line":6,"column":120}},"4":{"start":{"line":5,"column":13},"end":{"line":5,"column":28}},"5":{"start":{"line":9,"column":26},"end":{"line":19,"column":1}},"6":{"start":{"line":10,"column":4},"end":{"line":18,"column":5}},"7":{"start":{"line":12,"column":8},"end":{"line":12,"column":36}},"8":{"start":{"line":13,"column":8},"end":{"line":13,"column":56}},"9":{"start":{"line":16,"column":8},"end":{"line":16,"column":63}},"10":{"start":{"line":17,"column":8},"end":{"line":17,"column":20}},"11":{"start":{"line":9,"column":13},"end":{"line":9,"column":26}}},"fnMap":{"0":{"name":"(anonymous_1)","decl":{"start":{"line":5,"column":28},"end":{"line":5,"column":29}},"loc":{"start":{"line":5,"column":63},"end":{"line":7,"column":1}}},"1":{"name":"(anonymous_2)","decl":{"start":{"line":9,"column":26},"end":{"line":9,"column":27}},"loc":{"start":{"line":9,"column":63},"end":{"line":19,"column":1}}}},"branchMap":{},"s":{"0":1,"1":1,"2":1,"3":0,"4":1,"5":1,"6":0,"7":0,"8":0,"9":0,"10":0,"11":1},"f":{"0":0,"1":0},"b":{}}
,"/Users/usuario/Documents/personal/PruebaSenior/gestion-eventos/src/infrastructure/api/Application.ts": {"path":"/Users/usuario/Documents/personal/PruebaSenior/gestion-eventos/src/infrastructure/api/Application.ts","statementMap":{"0":{"start":{"line":2,"column":0},"end":{"line":2,"column":26}},"1":{"start":{"line":3,"column":0},"end":{"line":3,"column":31}},"2":{"start":{"line":4,"column":0},"end":{"line":4,"column":28}},"3":{"start":{"line":5,"column":0},"end":{"line":5,"column":16}},"4":{"start":{"line":6,"column":0},"end":{"line":6,"column":30}},"5":{"start":{"line":7,"column":0},"end":{"line":7,"column":39}},"6":{"start":{"line":8,"column":0},"end":{"line":8,"column":37}},"7":{"start":{"line":9,"column":0},"end":{"line":9,"column":31}},"8":{"start":{"line":10,"column":0},"end":{"line":10,"column":57}},"9":{"start":{"line":11,"column":0},"end":{"line":11,"column":76}},"10":{"start":{"line":12,"column":0},"end":{"line":12,"column":77}},"11":{"start":{"line":13,"column":0},"end":{"line":13,"column":71}},"12":{"start":{"line":14,"column":0},"end":{"line":14,"column":43}},"13":{"start":{"line":16,"column":13},"end":{"line":27,"column":3}},"14":{"start":{"line":17,"column":21},"end":{"line":17,"column":52}},"15":{"start":{"line":30,"column":0},"end":{"line":30,"column":25}},"16":{"start":{"line":31,"column":0},"end":{"line":31,"column":26}},"17":{"start":{"line":34,"column":0},"end":{"line":34,"column":46}},"18":{"start":{"line":35,"column":0},"end":{"line":35,"column":32}},"19":{"start":{"line":36,"column":0},"end":{"line":36,"column":77}},"20":{"start":{"line":39,"column":0},"end":{"line":44,"column":2}},"21":{"start":{"line":42,"column":8},"end":{"line":42,"column":28}},"22":{"start":{"line":47,"column":0},"end":{"line":47,"column":53}},"23":{"start":{"line":48,"column":0},"end":{"line":48,"column":68}}},"fnMap":{"0":{"name":"(anonymous_1)","decl":{"start":{"line":17,"column":14},"end":{"line":17,"column":15}},"loc":{"start":{"line":17,"column":21},"end":{"line":17,"column":52}}},"1":{"name":"(anonymous_2)","decl":{"start":{"line":41,"column":4},"end":{"line":41,"column":5}},"loc":{"start":{"line":41,"column":32},"end":{"line":43,"column":5}}}},"branchMap":{},"s":{"0":1,"1":1,"2":1,"3":1,"4":1,"5":1,"6":1,"7":1,"8":1,"9":1,"10":1,"11":1,"12":1,"13":1,"14":1,"15":1,"16":1,"17":1,"18":1,"19":1,"20":1,"21":0,"22":1,"23":1},"f":{"0":1,"1":0},"b":{}}
,"/Users/usuario/Documents/personal/PruebaSenior/gestion-eventos/src/infrastructure/api-client/MapApiClient.ts": {"path":"/Users/usuario/Documents/personal/PruebaSenior/gestion-eventos/src/infrastructure/api-client/MapApiClient.ts","statementMap":{"0":{"start":{"line":1,"column":0},"end":{"line":1,"column":39}},"1":{"start":{"line":2,"column":0},"end":{"line":2,"column":56}},"2":{"start":{"line":4,"column":0},"end":{"line":4,"column":33}},"3":{"start":{"line":5,"column":0},"end":{"line":5,"column":26}},"4":{"start":{"line":9,"column":7},"end":{"line":53,"column":null}},"5":{"start":{"line":11,"column":8},"end":{"line":30,"column":9}},"6":{"start":{"line":12,"column":35},"end":{"line":12,"column":64}},"7":{"start":{"line":13,"column":24},"end":{"line":13,"column":132}},"8":{"start":{"line":14,"column":29},"end":{"line":14,"column":49}},"9":{"start":{"line":15,"column":25},"end":{"line":15,"column":38}},"10":{"start":{"line":16,"column":12},"end":{"line":24,"column":13}},"11":{"start":{"line":17,"column":16},"end":{"line":20,"column":20}},"12":{"start":{"line":17,"column":60},"end":{"line":20,"column":18}},"13":{"start":{"line":22,"column":16},"end":{"line":22,"column":58}},"14":{"start":{"line":23,"column":16},"end":{"line":23,"column":28}},"15":{"start":{"line":26,"column":12},"end":{"line":26,"column":31}},"16":{"start":{"line":27,"column":12},"end":{"line":29,"column":14}},"17":{"start":{"line":33,"column":8},"end":{"line":51,"column":9}},"18":{"start":{"line":34,"column":24},"end":{"line":34,"column":158}},"19":{"start":{"line":35,"column":29},"end":{"line":35,"column":49}},"20":{"start":{"line":36,"column":25},"end":{"line":36,"column":38}},"21":{"start":{"line":37,"column":12},"end":{"line":45,"column":13}},"22":{"start":{"line":38,"column":16},"end":{"line":41,"column":20}},"23":{"start":{"line":38,"column":60},"end":{"line":41,"column":18}},"24":{"start":{"line":43,"column":16},"end":{"line":43,"column":58}},"25":{"start":{"line":44,"column":16},"end":{"line":44,"column":28}},"26":{"start":{"line":47,"column":12},"end":{"line":47,"column":31}},"27":{"start":{"line":48,"column":12},"end":{"line":50,"column":14}},"28":{"start":{"line":9,"column":13},"end":{"line":9,"column":25}},"29":{"start":{"line":9,"column":13},"end":{"line":53,"column":null}}},"fnMap":{"0":{"name":"(anonymous_2)","decl":{"start":{"line":10,"column":4},"end":{"line":10,"column":9}},"loc":{"start":{"line":10,"column":42},"end":{"line":31,"column":5}}},"1":{"name":"(anonymous_3)","decl":{"start":{"line":17,"column":41},"end":{"line":17,"column":42}},"loc":{"start":{"line":17,"column":60},"end":{"line":20,"column":18}}},"2":{"name":"(anonymous_4)","decl":{"start":{"line":32,"column":4},"end":{"line":32,"column":9}},"loc":{"start":{"line":32,"column":64},"end":{"line":52,"column":5}}},"3":{"name":"(anonymous_5)","decl":{"start":{"line":38,"column":41},"end":{"line":38,"column":42}},"loc":{"start":{"line":38,"column":60},"end":{"line":41,"column":18}}}},"branchMap":{"0":{"loc":{"start":{"line":16,"column":12},"end":{"line":24,"column":13}},"type":"if","locations":[{"start":{"line":16,"column":12},"end":{"line":24,"column":13}},{"start":{"line":21,"column":19},"end":{"line":24,"column":13}}]},"1":{"loc":{"start":{"line":16,"column":16},"end":{"line":16,"column":57}},"type":"binary-expr","locations":[{"start":{"line":16,"column":16},"end":{"line":16,"column":29}},{"start":{"line":16,"column":33},"end":{"line":16,"column":57}}]},"2":{"loc":{"start":{"line":37,"column":12},"end":{"line":45,"column":13}},"type":"if","locations":[{"start":{"line":37,"column":12},"end":{"line":45,"column":13}},{"start":{"line":42,"column":19},"end":{"line":45,"column":13}}]},"3":{"loc":{"start":{"line":37,"column":16},"end":{"line":37,"column":57}},"type":"binary-expr","locations":[{"start":{"line":37,"column":16},"end":{"line":37,"column":29}},{"start":{"line":37,"column":33},"end":{"line":37,"column":57}}]}},"s":{"0":1,"1":1,"2":1,"3":1,"4":1,"5":0,"6":0,"7":0,"8":0,"9":0,"10":0,"11":0,"12":0,"13":0,"14":0,"15":0,"16":0,"17":0,"18":0,"19":0,"20":0,"21":0,"22":0,"23":0,"24":0,"25":0,"26":0,"27":0,"28":1,"29":1},"f":{"0":0,"1":0,"2":0,"3":0},"b":{"0":[0,0],"1":[0,0],"2":[0,0],"3":[0,0]}}
,"/Users/usuario/Documents/personal/PruebaSenior/gestion-eventos/src/infrastructure/api/middlewares/CommonMiddleware.ts": {"path":"/Users/usuario/Documents/personal/PruebaSenior/gestion-eventos/src/infrastructure/api/middlewares/CommonMiddleware.ts","statementMap":{"0":{"start":{"line":2,"column":0},"end":{"line":2,"column":33}},"1":{"start":{"line":3,"column":0},"end":{"line":3,"column":37}},"2":{"start":{"line":4,"column":0},"end":{"line":4,"column":41}},"3":{"start":{"line":5,"column":0},"end":{"line":5,"column":53}},"4":{"start":{"line":6,"column":0},"end":{"line":6,"column":44}},"5":{"start":{"line":7,"column":0},"end":{"line":7,"column":52}},"6":{"start":{"line":8,"column":0},"end":{"line":8,"column":62}},"7":{"start":{"line":9,"column":0},"end":{"line":9,"column":57}},"8":{"start":{"line":13,"column":27},"end":{"line":74,"column":1}},"9":{"start":{"line":14,"column":4},"end":{"line":14,"column":31}},"10":{"start":{"line":15,"column":4},"end":{"line":15,"column":35}},"11":{"start":{"line":16,"column":4},"end":{"line":25,"column":7}},"12":{"start":{"line":27,"column":4},"end":{"line":50,"column":7}},"13":{"start":{"line":28,"column":66},"end":{"line":28,"column":69}},"14":{"start":{"line":29,"column":25},"end":{"line":29,"column":51}},"15":{"start":{"line":30,"column":8},"end":{"line":49,"column":10}},"16":{"start":{"line":52,"column":4},"end":{"line":73,"column":7}},"17":{"start":{"line":53,"column":20},"end":{"line":53,"column":31}},"18":{"start":{"line":54,"column":22},"end":{"line":54,"column":31}},"19":{"start":{"line":55,"column":8},"end":{"line":57,"column":9}},"20":{"start":{"line":56,"column":12},"end":{"line":56,"column":19}},"21":{"start":{"line":59,"column":8},"end":{"line":72,"column":9}},"22":{"start":{"line":60,"column":38},"end":{"line":60,"column":87}},"23":{"start":{"line":61,"column":27},"end":{"line":61,"column":94}},"24":{"start":{"line":63,"column":12},"end":{"line":67,"column":13}},"25":{"start":{"line":65,"column":16},"end":{"line":65,"column":53}},"26":{"start":{"line":66,"column":16},"end":{"line":66,"column":88}},"27":{"start":{"line":71,"column":12},"end":{"line":71,"column":22}},"28":{"start":{"line":13,"column":13},"end":{"line":13,"column":27}}},"fnMap":{"0":{"name":"(anonymous_1)","decl":{"start":{"line":13,"column":27},"end":{"line":13,"column":28}},"loc":{"start":{"line":13,"column":66},"end":{"line":74,"column":1}}},"1":{"name":"(anonymous_2)","decl":{"start":{"line":27,"column":48},"end":{"line":27,"column":53}},"loc":{"start":{"line":27,"column":78},"end":{"line":50,"column":5}}},"2":{"name":"(anonymous_3)","decl":{"start":{"line":52,"column":41},"end":{"line":52,"column":46}},"loc":{"start":{"line":52,"column":96},"end":{"line":73,"column":5}}}},"branchMap":{"0":{"loc":{"start":{"line":32,"column":29},"end":{"line":32,"column":81}},"type":"cond-expr","locations":[{"start":{"line":32,"column":53},"end":{"line":32,"column":57}},{"start":{"line":32,"column":57},"end":{"line":32,"column":81}}]},"1":{"loc":{"start":{"line":32,"column":29},"end":{"line":32,"column":57}},"type":"binary-expr","locations":[{"start":{"line":32,"column":29},"end":{"line":32,"column":57}},{"start":{"line":32,"column":53},"end":{"line":32,"column":57}}]},"2":{"loc":{"start":{"line":38,"column":26},"end":{"line":38,"column":36}},"type":"cond-expr","locations":[{"start":{"line":38,"column":26},"end":{"line":38,"column":30}},{"start":{"line":38,"column":34},"end":{"line":38,"column":36}}]},"3":{"loc":{"start":{"line":38,"column":26},"end":{"line":38,"column":34}},"type":"binary-expr","locations":[{"start":{"line":38,"column":26},"end":{"line":38,"column":34}},{"start":{"line":38,"column":26},"end":{"line":38,"column":34}}]},"4":{"loc":{"start":{"line":39,"column":28},"end":{"line":39,"column":80}},"type":"cond-expr","locations":[{"start":{"line":39,"column":39},"end":{"line":39,"column":75}},{"start":{"line":39,"column":78},"end":{"line":39,"column":80}}]},"5":{"loc":{"start":{"line":40,"column":31},"end":{"line":40,"column":75}},"type":"cond-expr","locations":[{"start":{"line":40,"column":42},"end":{"line":40,"column":68}},{"start":{"line":40,"column":71},"end":{"line":40,"column":75}}]},"6":{"loc":{"start":{"line":55,"column":8},"end":{"line":57,"column":9}},"type":"if","locations":[{"start":{"line":55,"column":8},"end":{"line":57,"column":9}}]},"7":{"loc":{"start":{"line":55,"column":12},"end":{"line":55,"column":61}},"type":"binary-expr","locations":[{"start":{"line":55,"column":12},"end":{"line":55,"column":42}},{"start":{"line":55,"column":46},"end":{"line":55,"column":61}}]},"8":{"loc":{"start":{"line":63,"column":12},"end":{"line":67,"column":13}},"type":"if","locations":[{"start":{"line":63,"column":12},"end":{"line":67,"column":13}}]}},"s":{"0":1,"1":1,"2":1,"3":1,"4":1,"5":1,"6":1,"7":1,"8":1,"9":1,"10":1,"11":1,"12":1,"13":1,"14":1,"15":1,"16":1,"17":1,"18":1,"19":1,"20":0,"21":1,"22":1,"23":1,"24":1,"25":0,"26":0,"27":0,"28":1},"f":{"0":1,"1":1,"2":1},"b":{"0":[1,0],"1":[1,1],"2":[1,0],"3":[1,1],"4":[0,1],"5":[0,1],"6":[0],"7":[1,1],"8":[0]}}
,"/Users/usuario/Documents/personal/PruebaSenior/gestion-eventos/src/infrastructure/api/middlewares/ErrorMiddleware.ts": {"path":"/Users/usuario/Documents/personal/PruebaSenior/gestion-eventos/src/infrastructure/api/middlewares/ErrorMiddleware.ts","statementMap":{"0":{"start":{"line":2,"column":0},"end":{"line":2,"column":56}},"1":{"start":{"line":4,"column":27},"end":{"line":13,"column":1}},"2":{"start":{"line":5,"column":4},"end":{"line":12,"column":6}},"3":{"start":{"line":15,"column":23},"end":{"line":28,"column":1}},"4":{"start":{"line":16,"column":15},"end":{"line":16,"column":38}},"5":{"start":{"line":17,"column":4},"end":{"line":19,"column":5}},"6":{"start":{"line":18,"column":8},"end":{"line":18,"column":37}},"7":{"start":{"line":20,"column":4},"end":{"line":20,"column":76}},"8":{"start":{"line":21,"column":4},"end":{"line":24,"column":5}},"9":{"start":{"line":22,"column":22},"end":{"line":22,"column":79}},"10":{"start":{"line":23,"column":8},"end":{"line":23,"column":58}},"11":{"start":{"line":25,"column":4},"end":{"line":25,"column":53}},"12":{"start":{"line":26,"column":4},"end":{"line":26,"column":95}},"13":{"start":{"line":30,"column":28},"end":{"line":36,"column":1}},"14":{"start":{"line":31,"column":4},"end":{"line":35,"column":7}},"15":{"start":{"line":32,"column":26},"end":{"line":32,"column":47}},"16":{"start":{"line":33,"column":8},"end":{"line":33,"column":56}},"17":{"start":{"line":34,"column":8},"end":{"line":34,"column":49}},"18":{"start":{"line":30,"column":13},"end":{"line":30,"column":28}}},"fnMap":{"0":{"name":"(anonymous_0)","decl":{"start":{"line":4,"column":27},"end":{"line":4,"column":28}},"loc":{"start":{"line":4,"column":111},"end":{"line":13,"column":1}}},"1":{"name":"(anonymous_1)","decl":{"start":{"line":15,"column":23},"end":{"line":15,"column":24}},"loc":{"start":{"line":15,"column":47},"end":{"line":28,"column":1}}},"2":{"name":"(anonymous_2)","decl":{"start":{"line":30,"column":28},"end":{"line":30,"column":29}},"loc":{"start":{"line":30,"column":67},"end":{"line":36,"column":1}}},"3":{"name":"(anonymous_3)","decl":{"start":{"line":31,"column":32},"end":{"line":31,"column":33}},"loc":{"start":{"line":31,"column":54},"end":{"line":35,"column":5}}}},"branchMap":{"0":{"loc":{"start":{"line":8,"column":14},"end":{"line":8,"column":37}},"type":"binary-expr","locations":[{"start":{"line":8,"column":14},"end":{"line":8,"column":24}},{"start":{"line":8,"column":28},"end":{"line":8,"column":37}}]},"1":{"loc":{"start":{"line":9,"column":15},"end":{"line":9,"column":35}},"type":"binary-expr","locations":[{"start":{"line":9,"column":15},"end":{"line":9,"column":20}},{"start":{"line":9,"column":24},"end":{"line":9,"column":35}}]},"2":{"loc":{"start":{"line":11,"column":20},"end":{"line":11,"column":50}},"type":"binary-expr","locations":[{"start":{"line":11,"column":20},"end":{"line":11,"column":30}},{"start":{"line":11,"column":34},"end":{"line":11,"column":50}}]},"3":{"loc":{"start":{"line":17,"column":4},"end":{"line":19,"column":5}},"type":"if","locations":[{"start":{"line":17,"column":4},"end":{"line":19,"column":5}}]},"4":{"loc":{"start":{"line":21,"column":4},"end":{"line":24,"column":5}},"type":"if","locations":[{"start":{"line":21,"column":4},"end":{"line":24,"column":5}}]},"5":{"loc":{"start":{"line":22,"column":22},"end":{"line":22,"column":79}},"type":"cond-expr","locations":[{"start":{"line":22,"column":56},"end":{"line":22,"column":67}},{"start":{"line":22,"column":70},"end":{"line":22,"column":79}}]},"6":{"loc":{"start":{"line":33,"column":27},"end":{"line":33,"column":55}},"type":"binary-expr","locations":[{"start":{"line":33,"column":27},"end":{"line":33,"column":48}},{"start":{"line":33,"column":52},"end":{"line":33,"column":55}}]},"7":{"loc":{"start":{"line":33,"column":27},"end":{"line":33,"column":48}},"type":"cond-expr","locations":[{"start":{"line":33,"column":36},"end":{"line":33,"column":38}},{"start":{"line":33,"column":27},"end":{"line":33,"column":48}}]},"8":{"loc":{"start":{"line":33,"column":27},"end":{"line":33,"column":38}},"type":"binary-expr","locations":[{"start":{"line":33,"column":27},"end":{"line":33,"column":38}},{"start":{"line":33,"column":27},"end":{"line":33,"column":38}}]}},"s":{"0":1,"1":1,"2":0,"3":1,"4":0,"5":0,"6":0,"7":0,"8":0,"9":0,"10":0,"11":0,"12":0,"13":1,"14":1,"15":0,"16":0,"17":0,"18":1},"f":{"0":0,"1":0,"2":1,"3":0},"b":{"0":[0,0],"1":[0,0],"2":[0,0],"3":[0],"4":[0],"5":[0,0],"6":[0,0],"7":[0,0],"8":[0,0]}}
,"/Users/usuario/Documents/personal/PruebaSenior/gestion-eventos/src/infrastructure/api/routers/AsistenteRouter.ts": {"path":"/Users/usuario/Documents/personal/PruebaSenior/gestion-eventos/src/infrastructure/api/routers/AsistenteRouter.ts","statementMap":{"0":{"start":{"line":1,"column":0},"end":{"line":1,"column":60}},"1":{"start":{"line":2,"column":0},"end":{"line":2,"column":54}},"2":{"start":{"line":5,"column":0},"end":{"line":5,"column":38}},"3":{"start":{"line":7,"column":28},"end":{"line":12,"column":1}},"4":{"start":{"line":8,"column":29},"end":{"line":8,"column":74}},"5":{"start":{"line":9,"column":27},"end":{"line":9,"column":52}},"6":{"start":{"line":10,"column":21},"end":{"line":10,"column":72}},"7":{"start":{"line":11,"column":4},"end":{"line":11,"column":51}},"8":{"start":{"line":7,"column":13},"end":{"line":7,"column":28}},"9":{"start":{"line":14,"column":29},"end":{"line":29,"column":1}},"10":{"start":{"line":15,"column":4},"end":{"line":28,"column":5}},"11":{"start":{"line":16,"column":33},"end":{"line":16,"column":78}},"12":{"start":{"line":17,"column":25},"end":{"line":17,"column":71}},"13":{"start":{"line":18,"column":8},"end":{"line":18,"column":55}},"14":{"start":{"line":20,"column":8},"end":{"line":27,"column":9}},"15":{"start":{"line":21,"column":12},"end":{"line":26,"column":15}},"16":{"start":{"line":14,"column":13},"end":{"line":14,"column":29}},"17":{"start":{"line":31,"column":30},"end":{"line":35,"column":1}},"18":{"start":{"line":32,"column":29},"end":{"line":32,"column":74}},"19":{"start":{"line":33,"column":21},"end":{"line":33,"column":68}},"20":{"start":{"line":34,"column":4},"end":{"line":34,"column":51}},"21":{"start":{"line":31,"column":13},"end":{"line":31,"column":30}},"22":{"start":{"line":37,"column":31},"end":{"line":41,"column":1}},"23":{"start":{"line":38,"column":29},"end":{"line":38,"column":74}},"24":{"start":{"line":39,"column":21},"end":{"line":39,"column":80}},"25":{"start":{"line":40,"column":4},"end":{"line":40,"column":51}},"26":{"start":{"line":37,"column":13},"end":{"line":37,"column":31}}},"fnMap":{"0":{"name":"(anonymous_0)","decl":{"start":{"line":7,"column":28},"end":{"line":7,"column":33}},"loc":{"start":{"line":7,"column":140},"end":{"line":12,"column":1}}},"1":{"name":"(anonymous_1)","decl":{"start":{"line":14,"column":29},"end":{"line":14,"column":34}},"loc":{"start":{"line":14,"column":140},"end":{"line":29,"column":1}}},"2":{"name":"(anonymous_2)","decl":{"start":{"line":31,"column":30},"end":{"line":31,"column":35}},"loc":{"start":{"line":31,"column":142},"end":{"line":35,"column":1}}},"3":{"name":"(anonymous_3)","decl":{"start":{"line":37,"column":31},"end":{"line":37,"column":36}},"loc":{"start":{"line":37,"column":143},"end":{"line":41,"column":1}}}},"branchMap":{"0":{"loc":{"start":{"line":20,"column":8},"end":{"line":27,"column":9}},"type":"if","locations":[{"start":{"line":20,"column":8},"end":{"line":27,"column":9}}]}},"s":{"0":1,"1":1,"2":1,"3":1,"4":0,"5":0,"6":0,"7":0,"8":1,"9":1,"10":1,"11":1,"12":1,"13":1,"14":0,"15":0,"16":1,"17":1,"18":0,"19":0,"20":0,"21":1,"22":1,"23":0,"24":0,"25":0,"26":1},"f":{"0":0,"1":1,"2":0,"3":0},"b":{"0":[0]}}
,"/Users/usuario/Documents/personal/PruebaSenior/gestion-eventos/src/infrastructure/api/routers/AutenticacionRouter.ts": {"path":"/Users/usuario/Documents/personal/PruebaSenior/gestion-eventos/src/infrastructure/api/routers/AutenticacionRouter.ts","statementMap":{"0":{"start":{"line":1,"column":0},"end":{"line":1,"column":54}},"1":{"start":{"line":4,"column":0},"end":{"line":4,"column":62}},"2":{"start":{"line":6,"column":26},"end":{"line":10,"column":1}},"3":{"start":{"line":7,"column":30},"end":{"line":7,"column":79}},"4":{"start":{"line":8,"column":21},"end":{"line":8,"column":89}},"5":{"start":{"line":9,"column":4},"end":{"line":9,"column":51}},"6":{"start":{"line":6,"column":13},"end":{"line":6,"column":26}},"7":{"start":{"line":12,"column":28},"end":{"line":16,"column":1}},"8":{"start":{"line":13,"column":30},"end":{"line":13,"column":79}},"9":{"start":{"line":14,"column":21},"end":{"line":14,"column":91}},"10":{"start":{"line":15,"column":4},"end":{"line":15,"column":51}},"11":{"start":{"line":12,"column":13},"end":{"line":12,"column":28}}},"fnMap":{"0":{"name":"(anonymous_0)","decl":{"start":{"line":6,"column":26},"end":{"line":6,"column":31}},"loc":{"start":{"line":6,"column":138},"end":{"line":10,"column":1}}},"1":{"name":"(anonymous_1)","decl":{"start":{"line":12,"column":28},"end":{"line":12,"column":33}},"loc":{"start":{"line":12,"column":140},"end":{"line":16,"column":1}}}},"branchMap":{},"s":{"0":1,"1":1,"2":1,"3":0,"4":0,"5":0,"6":1,"7":1,"8":0,"9":0,"10":0,"11":1},"f":{"0":0,"1":0},"b":{}}
,"/Users/usuario/Documents/personal/PruebaSenior/gestion-eventos/src/infrastructure/api/routers/EventoRouter.ts": {"path":"/Users/usuario/Documents/personal/PruebaSenior/gestion-eventos/src/infrastructure/api/routers/EventoRouter.ts","statementMap":{"0":{"start":{"line":1,"column":0},"end":{"line":1,"column":55}},"1":{"start":{"line":2,"column":0},"end":{"line":2,"column":54}},"2":{"start":{"line":11,"column":0},"end":{"line":11,"column":24}},"3":{"start":{"line":12,"column":0},"end":{"line":12,"column":30}},"4":{"start":{"line":13,"column":0},"end":{"line":13,"column":48}},"5":{"start":{"line":15,"column":25},"end":{"line":20,"column":1}},"6":{"start":{"line":16,"column":26},"end":{"line":16,"column":68}},"7":{"start":{"line":17,"column":15},"end":{"line":17,"column":38}},"8":{"start":{"line":18,"column":21},"end":{"line":18,"column":54}},"9":{"start":{"line":19,"column":4},"end":{"line":19,"column":51}},"10":{"start":{"line":15,"column":13},"end":{"line":15,"column":25}},"11":{"start":{"line":22,"column":26},"end":{"line":26,"column":1}},"12":{"start":{"line":23,"column":26},"end":{"line":23,"column":68}},"13":{"start":{"line":24,"column":21},"end":{"line":24,"column":61}},"14":{"start":{"line":25,"column":4},"end":{"line":25,"column":51}},"15":{"start":{"line":22,"column":13},"end":{"line":22,"column":26}},"16":{"start":{"line":28,"column":27},"end":{"line":32,"column":1}},"17":{"start":{"line":29,"column":26},"end":{"line":29,"column":68}},"18":{"start":{"line":30,"column":21},"end":{"line":30,"column":62}},"19":{"start":{"line":31,"column":4},"end":{"line":31,"column":51}},"20":{"start":{"line":28,"column":13},"end":{"line":28,"column":27}},"21":{"start":{"line":34,"column":28},"end":{"line":39,"column":1}},"22":{"start":{"line":35,"column":4},"end":{"line":35,"column":38}},"23":{"start":{"line":36,"column":26},"end":{"line":36,"column":68}},"24":{"start":{"line":37,"column":21},"end":{"line":37,"column":62}},"25":{"start":{"line":38,"column":4},"end":{"line":38,"column":51}},"26":{"start":{"line":34,"column":13},"end":{"line":34,"column":28}},"27":{"start":{"line":40,"column":34},"end":{"line":44,"column":1}},"28":{"start":{"line":41,"column":26},"end":{"line":41,"column":68}},"29":{"start":{"line":42,"column":21},"end":{"line":42,"column":96}},"30":{"start":{"line":43,"column":4},"end":{"line":43,"column":51}},"31":{"start":{"line":40,"column":13},"end":{"line":40,"column":34}},"32":{"start":{"line":46,"column":29},"end":{"line":50,"column":1}},"33":{"start":{"line":47,"column":26},"end":{"line":47,"column":68}},"34":{"start":{"line":48,"column":21},"end":{"line":48,"column":122}},"35":{"start":{"line":49,"column":4},"end":{"line":49,"column":51}},"36":{"start":{"line":46,"column":13},"end":{"line":46,"column":29}},"37":{"start":{"line":52,"column":31},"end":{"line":57,"column":1}},"38":{"start":{"line":53,"column":26},"end":{"line":53,"column":68}},"39":{"start":{"line":54,"column":15},"end":{"line":54,"column":38}},"40":{"start":{"line":55,"column":21},"end":{"line":55,"column":61}},"41":{"start":{"line":56,"column":4},"end":{"line":56,"column":51}},"42":{"start":{"line":52,"column":13},"end":{"line":52,"column":31}},"43":{"start":{"line":59,"column":33},"end":{"line":73,"column":1}},"44":{"start":{"line":60,"column":16},"end":{"line":60,"column":56}},"45":{"start":{"line":61,"column":4},"end":{"line":63,"column":5}},"46":{"start":{"line":62,"column":8},"end":{"line":62,"column":68}},"47":{"start":{"line":64,"column":17},"end":{"line":64,"column":26}},"48":{"start":{"line":65,"column":4},"end":{"line":71,"column":5}},"49":{"start":{"line":66,"column":8},"end":{"line":66,"column":30}},"50":{"start":{"line":67,"column":11},"end":{"line":71,"column":5}},"51":{"start":{"line":68,"column":8},"end":{"line":68,"column":30}},"52":{"start":{"line":69,"column":11},"end":{"line":71,"column":5}},"53":{"start":{"line":70,"column":8},"end":{"line":70,"column":27}},"54":{"start":{"line":72,"column":4},"end":{"line":72,"column":42}},"55":{"start":{"line":59,"column":13},"end":{"line":59,"column":33}},"56":{"start":{"line":75,"column":27},"end":{"line":95,"column":1}},"57":{"start":{"line":76,"column":17},"end":{"line":76,"column":33}},"58":{"start":{"line":77,"column":4},"end":{"line":79,"column":5}},"59":{"start":{"line":78,"column":8},"end":{"line":78,"column":75}},"60":{"start":{"line":80,"column":4},"end":{"line":94,"column":5}},"61":{"start":{"line":82,"column":25},"end":{"line":82,"column":57}},"62":{"start":{"line":83,"column":27},"end":{"line":83,"column":57}},"63":{"start":{"line":84,"column":8},"end":{"line":88,"column":11}},"64":{"start":{"line":85,"column":12},"end":{"line":85,"column":40}},"65":{"start":{"line":86,"column":12},"end":{"line":86,"column":42}},"66":{"start":{"line":87,"column":12},"end":{"line":87,"column":43}},"67":{"start":{"line":89,"column":20},"end":{"line":89,"column":51}},"68":{"start":{"line":90,"column":8},"end":{"line":90,"column":55}},"69":{"start":{"line":92,"column":8},"end":{"line":92,"column":59}},"70":{"start":{"line":93,"column":8},"end":{"line":93,"column":69}},"71":{"start":{"line":75,"column":13},"end":{"line":75,"column":27}},"72":{"start":{"line":97,"column":32},"end":{"line":101,"column":1}},"73":{"start":{"line":98,"column":26},"end":{"line":98,"column":68}},"74":{"start":{"line":99,"column":21},"end":{"line":99,"column":60}},"75":{"start":{"line":100,"column":4},"end":{"line":100,"column":51}},"76":{"start":{"line":97,"column":13},"end":{"line":97,"column":32}}},"fnMap":{"0":{"name":"(anonymous_7)","decl":{"start":{"line":15,"column":25},"end":{"line":15,"column":30}},"loc":{"start":{"line":15,"column":135},"end":{"line":20,"column":1}}},"1":{"name":"(anonymous_8)","decl":{"start":{"line":22,"column":26},"end":{"line":22,"column":31}},"loc":{"start":{"line":22,"column":134},"end":{"line":26,"column":1}}},"2":{"name":"(anonymous_9)","decl":{"start":{"line":28,"column":27},"end":{"line":28,"column":32}},"loc":{"start":{"line":28,"column":134},"end":{"line":32,"column":1}}},"3":{"name":"(anonymous_10)","decl":{"start":{"line":34,"column":28},"end":{"line":34,"column":33}},"loc":{"start":{"line":34,"column":137},"end":{"line":39,"column":1}}},"4":{"name":"(anonymous_11)","decl":{"start":{"line":40,"column":34},"end":{"line":40,"column":39}},"loc":{"start":{"line":40,"column":153},"end":{"line":44,"column":1}}},"5":{"name":"(anonymous_12)","decl":{"start":{"line":46,"column":29},"end":{"line":46,"column":34}},"loc":{"start":{"line":46,"column":143},"end":{"line":50,"column":1}}},"6":{"name":"(anonymous_13)","decl":{"start":{"line":52,"column":31},"end":{"line":52,"column":36}},"loc":{"start":{"line":52,"column":140},"end":{"line":57,"column":1}}},"7":{"name":"(anonymous_14)","decl":{"start":{"line":59,"column":33},"end":{"line":59,"column":38}},"loc":{"start":{"line":59,"column":145},"end":{"line":73,"column":1}}},"8":{"name":"(anonymous_15)","decl":{"start":{"line":75,"column":27},"end":{"line":75,"column":32}},"loc":{"start":{"line":75,"column":108},"end":{"line":95,"column":1}}},"9":{"name":"(anonymous_16)","decl":{"start":{"line":84,"column":26},"end":{"line":84,"column":27}},"loc":{"start":{"line":84,"column":46},"end":{"line":88,"column":9}}},"10":{"name":"(anonymous_17)","decl":{"start":{"line":97,"column":32},"end":{"line":97,"column":37}},"loc":{"start":{"line":97,"column":114},"end":{"line":101,"column":1}}}},"branchMap":{"0":{"loc":{"start":{"line":61,"column":4},"end":{"line":63,"column":5}},"type":"if","locations":[{"start":{"line":61,"column":4},"end":{"line":63,"column":5}}]},"1":{"loc":{"start":{"line":65,"column":4},"end":{"line":71,"column":5}},"type":"if","locations":[{"start":{"line":65,"column":4},"end":{"line":71,"column":5}},{"start":{"line":67,"column":11},"end":{"line":71,"column":5}}]},"2":{"loc":{"start":{"line":67,"column":11},"end":{"line":71,"column":5}},"type":"if","locations":[{"start":{"line":67,"column":11},"end":{"line":71,"column":5}},{"start":{"line":69,"column":11},"end":{"line":71,"column":5}}]},"3":{"loc":{"start":{"line":69,"column":11},"end":{"line":71,"column":5}},"type":"if","locations":[{"start":{"line":69,"column":11},"end":{"line":71,"column":5}}]},"4":{"loc":{"start":{"line":77,"column":4},"end":{"line":79,"column":5}},"type":"if","locations":[{"start":{"line":77,"column":4},"end":{"line":79,"column":5}}]},"5":{"loc":{"start":{"line":85,"column":12},"end":{"line":85,"column":39}},"type":"cond-expr","locations":[{"start":{"line":85,"column":16},"end":{"line":85,"column":18}},{"start":{"line":85,"column":12},"end":{"line":85,"column":39}}]},"6":{"loc":{"start":{"line":85,"column":12},"end":{"line":85,"column":18}},"type":"binary-expr","locations":[{"start":{"line":85,"column":12},"end":{"line":85,"column":18}},{"start":{"line":85,"column":12},"end":{"line":85,"column":18}}]},"7":{"loc":{"start":{"line":86,"column":12},"end":{"line":86,"column":41}},"type":"cond-expr","locations":[{"start":{"line":86,"column":16},"end":{"line":86,"column":18}},{"start":{"line":86,"column":12},"end":{"line":86,"column":41}}]},"8":{"loc":{"start":{"line":86,"column":12},"end":{"line":86,"column":18}},"type":"binary-expr","locations":[{"start":{"line":86,"column":12},"end":{"line":86,"column":18}},{"start":{"line":86,"column":12},"end":{"line":86,"column":18}}]},"9":{"loc":{"start":{"line":87,"column":12},"end":{"line":87,"column":42}},"type":"cond-expr","locations":[{"start":{"line":87,"column":16},"end":{"line":87,"column":18}},{"start":{"line":87,"column":12},"end":{"line":87,"column":42}}]},"10":{"loc":{"start":{"line":87,"column":12},"end":{"line":87,"column":18}},"type":"binary-expr","locations":[{"start":{"line":87,"column":12},"end":{"line":87,"column":18}},{"start":{"line":87,"column":12},"end":{"line":87,"column":18}}]}},"s":{"0":1,"1":1,"2":1,"3":1,"4":1,"5":1,"6":0,"7":0,"8":0,"9":0,"10":1,"11":1,"12":0,"13":0,"14":0,"15":1,"16":1,"17":0,"18":0,"19":0,"20":1,"21":1,"22":0,"23":0,"24":0,"25":0,"26":1,"27":1,"28":0,"29":0,"30":0,"31":1,"32":1,"33":0,"34":0,"35":0,"36":1,"37":1,"38":0,"39":0,"40":0,"41":0,"42":1,"43":1,"44":0,"45":0,"46":0,"47":0,"48":0,"49":0,"50":0,"51":0,"52":0,"53":0,"54":0,"55":1,"56":1,"57":0,"58":0,"59":0,"60":0,"61":0,"62":0,"63":0,"64":0,"65":0,"66":0,"67":0,"68":0,"69":0,"70":0,"71":1,"72":1,"73":0,"74":0,"75":0,"76":1},"f":{"0":0,"1":0,"2":0,"3":0,"4":0,"5":0,"6":0,"7":0,"8":0,"9":0,"10":0},"b":{"0":[0],"1":[0,0],"2":[0,0],"3":[0],"4":[0],"5":[0,0],"6":[0,0],"7":[0,0],"8":[0,0],"9":[0,0],"10":[0,0]}}
,"/Users/usuario/Documents/personal/PruebaSenior/gestion-eventos/src/infrastructure/api/routers/ReservaRouter.ts": {"path":"/Users/usuario/Documents/personal/PruebaSenior/gestion-eventos/src/infrastructure/api/routers/ReservaRouter.ts","statementMap":{"0":{"start":{"line":1,"column":0},"end":{"line":1,"column":58}},"1":{"start":{"line":2,"column":0},"end":{"line":2,"column":54}},"2":{"start":{"line":10,"column":26},"end":{"line":15,"column":1}},"3":{"start":{"line":11,"column":27},"end":{"line":11,"column":70}},"4":{"start":{"line":12,"column":15},"end":{"line":12,"column":28}},"5":{"start":{"line":13,"column":21},"end":{"line":13,"column":56}},"6":{"start":{"line":14,"column":4},"end":{"line":14,"column":51}},"7":{"start":{"line":10,"column":13},"end":{"line":10,"column":26}},"8":{"start":{"line":17,"column":27},"end":{"line":21,"column":1}},"9":{"start":{"line":18,"column":27},"end":{"line":18,"column":70}},"10":{"start":{"line":19,"column":21},"end":{"line":19,"column":63}},"11":{"start":{"line":20,"column":4},"end":{"line":20,"column":51}},"12":{"start":{"line":17,"column":13},"end":{"line":17,"column":27}},"13":{"start":{"line":23,"column":28},"end":{"line":27,"column":1}},"14":{"start":{"line":24,"column":27},"end":{"line":24,"column":70}},"15":{"start":{"line":25,"column":21},"end":{"line":25,"column":64}},"16":{"start":{"line":26,"column":4},"end":{"line":26,"column":51}},"17":{"start":{"line":23,"column":13},"end":{"line":23,"column":28}},"18":{"start":{"line":29,"column":29},"end":{"line":34,"column":1}},"19":{"start":{"line":30,"column":27},"end":{"line":30,"column":70}},"20":{"start":{"line":31,"column":15},"end":{"line":31,"column":28}},"21":{"start":{"line":32,"column":21},"end":{"line":32,"column":59}},"22":{"start":{"line":33,"column":4},"end":{"line":33,"column":51}},"23":{"start":{"line":29,"column":13},"end":{"line":29,"column":29}}},"fnMap":{"0":{"name":"(anonymous_0)","decl":{"start":{"line":10,"column":26},"end":{"line":10,"column":31}},"loc":{"start":{"line":10,"column":136},"end":{"line":15,"column":1}}},"1":{"name":"(anonymous_1)","decl":{"start":{"line":17,"column":27},"end":{"line":17,"column":32}},"loc":{"start":{"line":17,"column":136},"end":{"line":21,"column":1}}},"2":{"name":"(anonymous_2)","decl":{"start":{"line":23,"column":28},"end":{"line":23,"column":33}},"loc":{"start":{"line":23,"column":138},"end":{"line":27,"column":1}}},"3":{"name":"(anonymous_3)","decl":{"start":{"line":29,"column":29},"end":{"line":29,"column":34}},"loc":{"start":{"line":29,"column":139},"end":{"line":34,"column":1}}}},"branchMap":{},"s":{"0":1,"1":1,"2":1,"3":0,"4":0,"5":0,"6":0,"7":1,"8":1,"9":0,"10":0,"11":0,"12":1,"13":1,"14":0,"15":0,"16":0,"17":1,"18":1,"19":0,"20":0,"21":0,"22":0,"23":1},"f":{"0":0,"1":0,"2":0,"3":0},"b":{}}
[...]
:67,"column":25},"end":{"line":67,"column":97}},"38":{"start":{"line":68,"column":8},"end":{"line":70,"column":9}},"39":{"start":{"line":69,"column":12},"end":{"line":69,"column":28}},"40":{"start":{"line":71,"column":8},"end":{"line":71,"column":51}},"41":{"start":{"line":74,"column":23},"end":{"line":74,"column":70}},"42":{"start":{"line":75,"column":8},"end":{"line":77,"column":9}},"43":{"start":{"line":76,"column":12},"end":{"line":76,"column":52}},"44":{"start":{"line":78,"column":22},"end":{"line":78,"column":72}},"45":{"start":{"line":79,"column":8},"end":{"line":88,"column":10}},"46":{"start":{"line":91,"column":24},"end":{"line":91,"column":72}},"47":{"start":{"line":92,"column":8},"end":{"line":94,"column":9}},"48":{"start":{"line":93,"column":12},"end":{"line":93,"column":61}},"49":{"start":{"line":95,"column":8},"end":{"line":95,"column":23}},"50":{"start":{"line":16,"column":13},"end":{"line":16,"column":31}},"51":{"start":{"line":16,"column":13},"end":{"line":97,"column":null}}},"fnMap":{"0":{"name":"(anonymous_1)","decl":{"start":{"line":16,"column":7},"end":{"line":16,"column":13}},"loc":{"start":{"line":16,"column":7},"end":{"line":97,"column":1}}},"1":{"name":"(anonymous_2)","decl":{"start":{"line":21,"column":4},"end":{"line":21,"column":9}},"loc":{"start":{"line":21,"column":45},"end":{"line":46,"column":5}}},"2":{"name":"(anonymous_3)","decl":{"start":{"line":47,"column":4},"end":{"line":47,"column":9}},"loc":{"start":{"line":47,"column":30},"end":{"line":53,"column":5}}},"3":{"name":"(anonymous_4)","decl":{"start":{"line":54,"column":4},"end":{"line":54,"column":9}},"loc":{"start":{"line":54,"column":29},"end":{"line":56,"column":5}}},"4":{"name":"(anonymous_5)","decl":{"start":{"line":57,"column":4},"end":{"line":57,"column":9}},"loc":{"start":{"line":57,"column":38},"end":{"line":65,"column":5}}},"5":{"name":"(anonymous_6)","decl":{"start":{"line":66,"column":4},"end":{"line":66,"column":9}},"loc":{"start":{"line":66,"column":78},"end":{"line":72,"column":5}}},"6":{"name":"(anonymous_7)","decl":{"start":{"line":73,"column":4},"end":{"line":73,"column":9}},"loc":{"start":{"line":73,"column":40},"end":{"line":89,"column":5}}},"7":{"name":"(anonymous_8)","decl":{"start":{"line":90,"column":4},"end":{"line":90,"column":9}},"loc":{"start":{"line":90,"column":36},"end":{"line":96,"column":5}}}},"branchMap":{"0":{"loc":{"start":{"line":23,"column":8},"end":{"line":25,"column":9}},"type":"if","locations":[{"start":{"line":23,"column":8},"end":{"line":25,"column":9}}]},"1":{"loc":{"start":{"line":26,"column":8},"end":{"line":28,"column":9}},"type":"if","locations":[{"start":{"line":26,"column":8},"end":{"line":28,"column":9}}]},"2":{"loc":{"start":{"line":29,"column":8},"end":{"line":31,"column":9}},"type":"if","locations":[{"start":{"line":29,"column":8},"end":{"line":31,"column":9}}]},"3":{"loc":{"start":{"line":32,"column":8},"end":{"line":34,"column":9}},"type":"if","locations":[{"start":{"line":32,"column":8},"end":{"line":34,"column":9}}]},"4":{"loc":{"start":{"line":35,"column":8},"end":{"line":37,"column":9}},"type":"if","locations":[{"start":{"line":35,"column":8},"end":{"line":37,"column":9}}]},"5":{"loc":{"start":{"line":38,"column":8},"end":{"line":40,"column":9}},"type":"if","locations":[{"start":{"line":38,"column":8},"end":{"line":40,"column":9}}]},"6":{"loc":{"start":{"line":42,"column":8},"end":{"line":44,"column":9}},"type":"if","locations":[{"start":{"line":42,"column":8},"end":{"line":44,"column":9}}]},"7":{"loc":{"start":{"line":49,"column":8},"end":{"line":51,"column":9}},"type":"if","locations":[{"start":{"line":49,"column":8},"end":{"line":51,"column":9}}]},"8":{"loc":{"start":{"line":61,"column":8},"end":{"line":63,"column":9}},"type":"if","locations":[{"start":{"line":61,"column":8},"end":{"line":63,"column":9}}]},"9":{"loc":{"start":{"line":68,"column":8},"end":{"line":70,"column":9}},"type":"if","locations":[{"start":{"line":68,"column":8},"end":{"line":70,"column":9}}]},"10":{"loc":{"start":{"line":75,"column":8},"end":{"line":77,"column":9}},"type":"if","locations":[{"start":{"line":75,"column":8},"end":{"line":77,"column":9}}]},"11":{"loc":{"start":{"line":80,"column":17},"end":{"line":80,"column":42}},"type":"cond-expr","locations":[{"start":{"line":80,"column":29},"end":{"line":80,"column":38}},{"start":{"line":80,"column":41},"end":{"line":80,"column":42}}]},"12":{"loc":{"start":{"line":92,"column":8},"end":{"line":94,"column":9}},"type":"if","locations":[{"start":{"line":92,"column":8},"end":{"line":94,"column":9}}]}},"s":{"0":1,"1":1,"2":1,"3":1,"4":1,"5":1,"6":0,"7":0,"8":0,"9":0,"10":0,"11":0,"12":0,"13":0,"14":0,"15":0,"16":0,"17":0,"18":0,"19":0,"20":0,"21":0,"22":0,"23":0,"24":0,"25":0,"26":0,"27":0,"28":0,"29":0,"30":0,"31":0,"32":0,"33":0,"34":0,"35":0,"36":0,"37":0,"38":0,"39":0,"40":0,"41":0,"42":0,"43":0,"44":0,"45":0,"46":0,"47":0,"48":0,"49":0,"50":1,"51":1},"f":{"0":0,"1":0,"2":0,"3":0,"4":0,"5":0,"6":0,"7":0},"b":{"0":[0],"1":[0],"2":[0],"3":[0],"4":[0],"5":[0],"6":[0],"7":[0],"8":[0],"9":[0],"10":[0],"11":[0,0],"12":[0]}}
,"/Users/usuario/Documents/personal/PruebaSenior/gestion-eventos/src/infrastructure/services/MapInfraService.ts": {"path":"/Users/usuario/Documents/personal/PruebaSenior/gestion-eventos/src/infrastructure/services/MapInfraService.ts","statementMap":{"0":{"start":{"line":1,"column":0},"end":{"line":1,"column":39}},"1":{"start":{"line":2,"column":0},"end":{"line":2,"column":26}},"2":{"start":{"line":3,"column":0},"end":{"line":3,"column":59}},"3":{"start":{"line":5,"column":0},"end":{"line":5,"column":54}},"4":{"start":{"line":9,"column":7},"end":{"line":34,"column":null}},"5":{"start":{"line":10,"column":12},"end":{"line":10,"column":98}},"6":{"start":{"line":13,"column":26},"end":{"line":13,"column":57}},"7":{"start":{"line":14,"column":25},"end":{"line":14,"column":90}},"8":{"start":{"line":15,"column":8},"end":{"line":17,"column":9}},"9":{"start":{"line":16,"column":12},"end":{"line":16,"column":43}},"10":{"start":{"line":18,"column":8},"end":{"line":18,"column":51}},"11":{"start":{"line":21,"column":25},"end":{"line":21,"column":81}},"12":{"start":{"line":22,"column":8},"end":{"line":31,"column":9}},"13":{"start":{"line":23,"column":50},"end":{"line":23,"column":52}},"14":{"start":{"line":24,"column":12},"end":{"line":29,"column":15}},"15":{"start":{"line":25,"column":16},"end":{"line":28,"column":19}},"16":{"start":{"line":30,"column":12},"end":{"line":30,"column":27}},"17":{"start":{"line":32,"column":8},"end":{"line":32,"column":51}},"18":{"start":{"line":9,"column":13},"end":{"line":9,"column":28}},"19":{"start":{"line":9,"column":13},"end":{"line":34,"column":null}}},"fnMap":{"0":{"name":"(anonymous_1)","decl":{"start":{"line":9,"column":7},"end":{"line":9,"column":13}},"loc":{"start":{"line":9,"column":7},"end":{"line":34,"column":1}}},"1":{"name":"(anonymous_2)","decl":{"start":{"line":12,"column":4},"end":{"line":12,"column":9}},"loc":{"start":{"line":12,"column":62},"end":{"line":19,"column":5}}},"2":{"name":"(anonymous_3)","decl":{"start":{"line":20,"column":4},"end":{"line":20,"column":9}},"loc":{"start":{"line":20,"column":73},"end":{"line":33,"column":5}}},"3":{"name":"(anonymous_4)","decl":{"start":{"line":24,"column":29},"end":{"line":24,"column":30}},"loc":{"start":{"line":24,"column":39},"end":{"line":29,"column":13}}}},"branchMap":{"0":{"loc":{"start":{"line":15,"column":8},"end":{"line":17,"column":9}},"type":"if","locations":[{"start":{"line":15,"column":8},"end":{"line":17,"column":9}}]},"1":{"loc":{"start":{"line":22,"column":8},"end":{"line":31,"column":9}},"type":"if","locations":[{"start":{"line":22,"column":8},"end":{"line":31,"column":9}}]}},"s":{"0":1,"1":1,"2":1,"3":1,"4":1,"5":1,"6":1,"7":1,"8":1,"9":1,"10":0,"11":0,"12":0,"13":0,"14":0,"15":0,"16":0,"17":0,"18":1,"19":1},"f":{"0":1,"1":1,"2":0,"3":0},"b":{"0":[1],"1":[0]}}
,"/Users/usuario/Documents/personal/PruebaSenior/gestion-eventos/src/infrastructure/services/ReservaCacheInfraService.ts": {"path":"/Users/usuario/Documents/personal/PruebaSenior/gestion-eventos/src/infrastructure/services/ReservaCacheInfraService.ts","statementMap":{"0":{"start":{"line":1,"column":0},"end":{"line":1,"column":39}},"1":{"start":{"line":2,"column":0},"end":{"line":2,"column":26}},"2":{"start":{"line":3,"column":0},"end":{"line":3,"column":59}},"3":{"start":{"line":8,"column":7},"end":{"line":22,"column":null}},"4":{"start":{"line":9,"column":12},"end":{"line":9,"column":116}},"5":{"start":{"line":12,"column":8},"end":{"line":12,"column":63}},"6":{"start":{"line":16,"column":8},"end":{"line":16,"column":81}},"7":{"start":{"line":20,"column":8},"end":{"line":20,"column":72}},"8":{"start":{"line":8,"column":13},"end":{"line":8,"column":37}},"9":{"start":{"line":8,"column":13},"end":{"line":22,"column":null}}},"fnMap":{"0":{"name":"(anonymous_1)","decl":{"start":{"line":8,"column":7},"end":{"line":8,"column":13}},"loc":{"start":{"line":8,"column":7},"end":{"line":22,"column":1}}},"1":{"name":"(anonymous_2)","decl":{"start":{"line":11,"column":4},"end":{"line":11,"column":9}},"loc":{"start":{"line":11,"column":44},"end":{"line":13,"column":5}}},"2":{"name":"(anonymous_3)","decl":{"start":{"line":15,"column":4},"end":{"line":15,"column":9}},"loc":{"start":{"line":15,"column":75},"end":{"line":17,"column":5}}},"3":{"name":"(anonymous_4)","decl":{"start":{"line":19,"column":4},"end":{"line":19,"column":9}},"loc":{"start":{"line":19,"column":51},"end":{"line":21,"column":5}}}},"branchMap":{},"s":{"0":1,"1":1,"2":1,"3":1,"4":0,"5":0,"6":0,"7":0,"8":1,"9":1},"f":{"0":0,"1":0,"2":0,"3":0},"b":{}}
,"/Users/usuario/Documents/personal/PruebaSenior/gestion-eventos/src/infrastructure/services/ReservaInfraService.ts": {"path":"/Users/usuario/Documents/personal/PruebaSenior/gestion-eventos/src/infrastructure/services/ReservaInfraService.ts","statementMap":{"0":{"start":{"line":1,"column":0},"end":{"line":1,"column":39}},"1":{"start":{"line":2,"column":0},"end":{"line":2,"column":26}},"2":{"start":{"line":3,"column":0},"end":{"line":3,"column":61}},"3":{"start":{"line":8,"column":7},"end":{"line":53,"column":null}},"4":{"start":{"line":9,"column":12},"end":{"line":9,"column":104}},"5":{"start":{"line":12,"column":30},"end":{"line":12,"column":86}},"6":{"start":{"line":13,"column":8},"end":{"line":15,"column":9}},"7":{"start":{"line":14,"column":12},"end":{"line":14,"column":53}},"8":{"start":{"line":17,"column":8},"end":{"line":19,"column":9}},"9":{"start":{"line":18,"column":12},"end":{"line":18,"column":70}},"10":{"start":{"line":20,"column":8},"end":{"line":22,"column":9}},"11":{"start":{"line":21,"column":12},"end":{"line":21,"column":50}},"12":{"start":{"line":24,"column":37},"end":{"line":24,"column":92}},"13":{"start":{"line":25,"column":8},"end":{"line":27,"column":9}},"14":{"start":{"line":26,"column":12},"end":{"line":26,"column":33}},"15":{"start":{"line":28,"column":8},"end":{"line":28,"column":58}},"16":{"start":{"line":32,"column":24},"end":{"line":32,"column":72}},"17":{"start":{"line":33,"column":8},"end":{"line":35,"column":9}},"18":{"start":{"line":34,"column":12},"end":{"line":34,"column":27}},"19":{"start":{"line":36,"column":8},"end":{"line":36,"column":49}},"20":{"start":{"line":40,"column":8},"end":{"line":40,"column":62}},"21":{"start":{"line":44,"column":26},"end":{"line":44,"column":72}},"22":{"start":{"line":45,"column":8},"end":{"line":47,"column":9}},"23":{"start":{"line":46,"column":12},"end":{"line":46,"column":29}},"24":{"start":{"line":48,"column":8},"end":{"line":48,"column":55}},"25":{"start":{"line":51,"column":8},"end":{"line":51,"column":71}},"26":{"start":{"line":8,"column":13},"end":{"line":8,"column":32}},"27":{"start":{"line":8,"column":13},"end":{"line":53,"column":null}}},"fnMap":{"0":{"name":"(anonymous_1)","decl":{"start":{"line":8,"column":7},"end":{"line":8,"column":13}},"loc":{"start":{"line":8,"column":7},"end":{"line":53,"column":1}}},"1":{"name":"(anonymous_2)","decl":{"start":{"line":11,"column":4},"end":{"line":11,"column":9}},"loc":{"start":{"line":11,"column":47},"end":{"line":29,"column":5}}},"2":{"name":"(anonymous_3)","decl":{"start":{"line":31,"column":4},"end":{"line":31,"column":9}},"loc":{"start":{"line":31,"column":30},"end":{"line":37,"column":5}}},"3":{"name":"(anonymous_4)","decl":{"start":{"line":39,"column":4},"end":{"line":39,"column":9}},"loc":{"start":{"line":39,"column":29},"end":{"line":41,"column":5}}},"4":{"name":"(anonymous_5)","decl":{"start":{"line":43,"column":4},"end":{"line":43,"column":9}},"loc":{"start":{"line":43,"column":40},"end":{"line":49,"column":5}}},"5":{"name":"(anonymous_6)","decl":{"start":{"line":50,"column":4},"end":{"line":50,"column":9}},"loc":{"start":{"line":50,"column":42},"end":{"line":52,"column":5}}}},"branchMap":{"0":{"loc":{"start":{"line":13,"column":8},"end":{"line":15,"column":9}},"type":"if","locations":[{"start":{"line":13,"column":8},"end":{"line":15,"column":9}}]},"1":{"loc":{"start":{"line":17,"column":8},"end":{"line":19,"column":9}},"type":"if","locations":[{"start":{"line":17,"column":8},"end":{"line":19,"column":9}}]},"2":{"loc":{"start":{"line":20,"column":8},"end":{"line":22,"column":9}},"type":"if","locations":[{"start":{"line":20,"column":8},"end":{"line":22,"column":9}}]},"3":{"loc":{"start":{"line":25,"column":8},"end":{"line":27,"column":9}},"type":"if","locations":[{"start":{"line":25,"column":8},"end":{"line":27,"column":9}}]},"4":{"loc":{"start":{"line":33,"column":8},"end":{"line":35,"column":9}},"type":"if","locations":[{"start":{"line":33,"column":8},"end":{"line":35,"column":9}}]},"5":{"loc":{"start":{"line":45,"column":8},"end":{"line":47,"column":9}},"type":"if","locations":[{"start":{"line":45,"column":8},"end":{"line":47,"column":9}}]}},"s":{"0":1,"1":1,"2":1,"3":1,"4":0,"5":0,"6":0,"7":0,"8":0,"9":0,"10":0,"11":0,"12":0,"13":0,"14":0,"15":0,"16":0,"17":0,"18":0,"19":0,"20":0,"21":0,"22":0,"23":0,"24":0,"25":0,"26":1,"27":1},"f":{"0":0,"1":0,"2":0,"3":0,"4":0,"5":0},"b":{"0":[0],"1":[0],"2":[0],"3":[0],"4":[0],"5":[0]}}
,"/Users/usuario/Documents/personal/PruebaSenior/gestion-eventos/src/util/Buffer.ts": {"path":"/Users/usuario/Documents/personal/PruebaSenior/gestion-eventos/src/util/Buffer.ts","statementMap":{"0":{"start":{"line":1,"column":22},"end":{"line":3,"column":1}},"1":{"start":{"line":2,"column":4},"end":{"line":2,"column":52}},"2":{"start":{"line":1,"column":13},"end":{"line":1,"column":22}}},"fnMap":{"0":{"name":"(anonymous_0)","decl":{"start":{"line":1,"column":22},"end":{"line":1,"column":23}},"loc":{"start":{"line":1,"column":49},"end":{"line":3,"column":1}}}},"branchMap":{},"s":{"0":2,"1":0,"2":2},"f":{"0":0},"b":{}}
,"/Users/usuario/Documents/personal/PruebaSenior/gestion-eventos/src/util/Envs.ts": {"path":"/Users/usuario/Documents/personal/PruebaSenior/gestion-eventos/src/util/Envs.ts","statementMap":{"0":{"start":{"line":1,"column":13},"end":{"line":1,"column":71}},"1":{"start":{"line":3,"column":13},"end":{"line":3,"column":51}},"2":{"start":{"line":5,"column":13},"end":{"line":5,"column":75}},"3":{"start":{"line":7,"column":13},"end":{"line":7,"column":52}},"4":{"start":{"line":9,"column":13},"end":{"line":9,"column":51}},"5":{"start":{"line":11,"column":13},"end":{"line":11,"column":49}},"6":{"start":{"line":13,"column":13},"end":{"line":13,"column":69}},"7":{"start":{"line":15,"column":13},"end":{"line":15,"column":61}},"8":{"start":{"line":17,"column":13},"end":{"line":17,"column":69}},"9":{"start":{"line":19,"column":13},"end":{"line":19,"column":75}},"10":{"start":{"line":21,"column":13},"end":{"line":21,"column":69}},"11":{"start":{"line":23,"column":13},"end":{"line":23,"column":49}},"12":{"start":{"line":25,"column":13},"end":{"line":25,"column":64}},"13":{"start":{"line":27,"column":13},"end":{"line":27,"column":59}}},"fnMap":{},"branchMap":{"0":{"loc":{"start":{"line":1,"column":24},"end":{"line":1,"column":70}},"type":"binary-expr","locations":[{"start":{"line":1,"column":24},"end":{"line":1,"column":59}},{"start":{"line":1,"column":63},"end":{"line":1,"column":70}}]},"1":{"loc":{"start":{"line":1,"column":24},"end":{"line":1,"column":59}},"type":"cond-expr","locations":[{"start":{"line":1,"column":44},"end":{"line":1,"column":46}},{"start":{"line":1,"column":44},"end":{"line":1,"column":59}}]},"2":{"loc":{"start":{"line":1,"column":24},"end":{"line":1,"column":46}},"type":"binary-expr","locations":[{"start":{"line":1,"column":24},"end":{"line":1,"column":46}},{"start":{"line":1,"column":44},"end":{"line":1,"column":46}}]},"3":{"loc":{"start":{"line":7,"column":20},"end":{"line":7,"column":51}},"type":"binary-expr","locations":[{"start":{"line":7,"column":20},"end":{"line":7,"column":36}},{"start":{"line":7,"column":40},"end":{"line":7,"column":51}}]},"4":{"loc":{"start":{"line":13,"column":29},"end":{"line":13,"column":68}},"type":"binary-expr","locations":[{"start":{"line":13,"column":29},"end":{"line":13,"column":54}},{"start":{"line":13,"column":58},"end":{"line":13,"column":68}}]},"5":{"loc":{"start":{"line":15,"column":29},"end":{"line":15,"column":60}},"type":"binary-expr","locations":[{"start":{"line":15,"column":29},"end":{"line":15,"column":54}},{"start":{"line":15,"column":58},"end":{"line":15,"column":60}}]},"6":{"loc":{"start":{"line":17,"column":33},"end":{"line":17,"column":68}},"type":"binary-expr","locations":[{"start":{"line":17,"column":33},"end":{"line":17,"column":62}},{"start":{"line":17,"column":66},"end":{"line":17,"column":68}}]},"7":{"loc":{"start":{"line":19,"column":38},"end":{"line":19,"column":73}},"type":"cond-expr","locations":[{"start":{"line":19,"column":63},"end":{"line":19,"column":67}},{"start":{"line":19,"column":67},"end":{"line":19,"column":73}}]},"8":{"loc":{"start":{"line":19,"column":38},"end":{"line":19,"column":67}},"type":"binary-expr","locations":[{"start":{"line":19,"column":38},"end":{"line":19,"column":67}},{"start":{"line":19,"column":63},"end":{"line":19,"column":67}}]},"9":{"loc":{"start":{"line":21,"column":33},"end":{"line":21,"column":68}},"type":"binary-expr","locations":[{"start":{"line":21,"column":33},"end":{"line":21,"column":62}},{"start":{"line":21,"column":66},"end":{"line":21,"column":68}}]},"10":{"loc":{"start":{"line":23,"column":23},"end":{"line":23,"column":48}},"type":"binary-expr","locations":[{"start":{"line":23,"column":23},"end":{"line":23,"column":42}},{"start":{"line":23,"column":46},"end":{"line":23,"column":48}}]},"11":{"loc":{"start":{"line":25,"column":26},"end":{"line":25,"column":63}},"type":"binary-expr","locations":[{"start":{"line":25,"column":26},"end":{"line":25,"column":48}},{"start":{"line":25,"column":52},"end":{"line":25,"column":63}}]},"12":{"loc":{"start":{"line":27,"column":26},"end":{"line":27,"column":58}},"type":"binary-expr","locations":[{"start":{"line":27,"column":26},"end":{"line":27,"column":48}},{"start":{"line":27,"column":52},"end":{"line":27,"column":58}}]}},"s":{"0":2,"1":2,"2":2,"3":2,"4":2,"5":2,"6":2,"7":2,"8":2,"9":2,"10":2,"11":2,"12":2,"13":2},"f":{},"b":{"0":[2,0],"1":[0,2],"2":[2,2],"3":[2,2],"4":[2,2],"5":[2,2],"6":[2,2],"7":[0,2],"8":[2,2],"9":[2,2],"10":[2,2],"11":[2,2],"12":[2,2]}}
,"/Users/usuario/Documents/personal/PruebaSenior/gestion-eventos/src/util/JSON.ts": {"path":"/Users/usuario/Documents/personal/PruebaSenior/gestion-eventos/src/util/JSON.ts","statementMap":{"0":{"start":{"line":1,"column":21},"end":{"line":8,"column":1}},"1":{"start":{"line":2,"column":4},"end":{"line":7,"column":5}},"2":{"start":{"line":3,"column":8},"end":{"line":3,"column":32}},"3":{"start":{"line":5,"column":8},"end":{"line":5,"column":38}},"4":{"start":{"line":6,"column":8},"end":{"line":6,"column":20}},"5":{"start":{"line":1,"column":13},"end":{"line":1,"column":21}}},"fnMap":{"0":{"name":"(anonymous_0)","decl":{"start":{"line":1,"column":21},"end":{"line":1,"column":25}},"loc":{"start":{"line":1,"column":51},"end":{"line":8,"column":1}}}},"branchMap":{},"s":{"0":2,"1":0,"2":0,"3":0,"4":0,"5":2},"f":{"0":0},"b":{}}
}
