TN:
SF:src/application/services/AsistenteAppService.ts
FN:10,(anonymous_1)
FN:13,(anonymous_2)
FN:18,(anonymous_3)
FN:27,(anonymous_4)
FN:33,(anonymous_5)
FN:41,(anonymous_6)
FNF:6
FNH:3
FNDA:1,(anonymous_1)
FNDA:1,(anonymous_2)
FNDA:1,(anonymous_3)
FNDA:0,(anonymous_4)
FNDA:0,(anonymous_5)
FNDA:0,(anonymous_6)
DA:1,3
DA:2,3
DA:3,3
DA:4,3
DA:5,3
DA:6,3
DA:7,3
DA:10,3
DA:11,1
DA:14,1
DA:15,1
DA:19,1
DA:23,1
DA:24,1
DA:28,0
DA:29,0
DA:30,0
DA:34,0
DA:35,0
DA:36,0
DA:38,0
DA:42,0
DA:43,0
LF:23
LH:14
BRDA:35,0,0,0
BRDA:42,1,0,0
BRDA:42,2,0,0
BRDA:42,2,1,0
BRDA:42,2,2,0
BRDA:42,2,3,0
BRDA:42,2,4,0
BRF:7
BRH:0
end_of_record
TN:
SF:src/application/services/AutenticacionAppService.ts
FN:10,(anonymous_1)
FN:13,(anonymous_2)
FN:21,(anonymous_3)
FN:28,(anonymous_4)
FN:45,(anonymous_5)
FNF:5
FNH:2
FNDA:3,(anonymous_1)
FNDA:0,(anonymous_2)
FNDA:0,(anonymous_3)
FNDA:6,(anonymous_4)
FNDA:0,(anonymous_5)
DA:1,3
DA:2,3
DA:3,3
DA:4,3
DA:5,3
DA:7,3
DA:10,3
DA:11,3
DA:14,0
DA:15,0
DA:19,0
DA:22,0
DA:23,0
DA:24,0
DA:25,0
DA:26,0
DA:29,6
DA:30,0
DA:32,6
DA:33,6
DA:34,0
DA:36,6
DA:37,6
DA:38,0
DA:40,6
DA:41,0
DA:43,6
DA:46,0
DA:47,0
DA:48,0
DA:50,0
DA:51,0
DA:52,0
DA:54,0
LF:34
LH:15
BRDA:29,0,0,0
BRDA:33,1,0,0
BRDA:37,2,0,0
BRDA:40,3,0,0
BRDA:47,4,0,0
BRDA:51,5,0,0
BRF:6
BRH:0
end_of_record
TN:
SF:src/application/services/EventoAppService.ts
FN:19,(anonymous_1)
FN:24,(anonymous_2)
FN:28,(anonymous_3)
FN:33,(anonymous_4)
FN:38,(anonymous_5)
FN:45,(anonymous_6)
FN:59,(anonymous_7)
FN:64,(anonymous_8)
FN:73,(anonymous_9)
FN:77,(anonymous_10)
FNF:10
FNH:3
FNDA:1,(anonymous_1)
FNDA:1,(anonymous_2)
FNDA:1,(anonymous_3)
FNDA:0,(anonymous_4)
FNDA:0,(anonymous_5)
FNDA:0,(anonymous_6)
FNDA:0,(anonymous_7)
FNDA:0,(anonymous_8)
FNDA:0,(anonymous_9)
FNDA:0,(anonymous_10)
DA:1,3
DA:2,3
DA:3,3
DA:4,3
DA:13,3
DA:14,3
DA:16,3
DA:19,3
DA:20,1
DA:21,1
DA:22,1
DA:25,1
DA:26,1
DA:29,1
DA:30,1
DA:31,1
DA:34,0
DA:35,0
DA:36,0
DA:39,0
DA:40,0
DA:41,0
DA:43,0
DA:46,0
DA:49,0
DA:50,0
DA:51,0
DA:52,0
DA:54,0
DA:56,0
DA:57,0
DA:60,0
DA:61,0
DA:62,0
DA:65,0
DA:66,0
DA:67,0
DA:69,0
DA:70,0
DA:71,0
DA:74,0
DA:75,0
DA:78,0
DA:79,0
LF:44
LH:16
BRDA:40,0,0,0
BRDA:49,1,0,0
BRDA:49,1,1,0
BRDA:66,2,0,0
BRDA:78,3,0,0
BRDA:78,4,0,0
BRDA:78,4,1,0
BRDA:78,4,2,0
BRDA:78,4,3,0
BRDA:78,4,4,0
BRF:10
BRH:0
end_of_record
TN:
SF:src/application/services/ReservaAppService.ts
FN:15,(anonymous_1)
FN:21,(anonymous_2)
FN:26,(anonymous_3)
FN:36,(anonymous_4)
FN:42,(anonymous_5)
FNF:5
FNH:3
FNDA:1,(anonymous_1)
FNDA:1,(anonymous_2)
FNDA:0,(anonymous_3)
FNDA:0,(anonymous_4)
FNDA:1,(anonymous_5)
DA:1,3
DA:2,3
DA:3,3
DA:4,3
DA:10,3
DA:11,3
DA:12,3
DA:15,3
DA:16,1
DA:17,1
DA:18,1
DA:19,1
DA:22,1
DA:23,1
DA:27,0
DA:28,0
DA:29,0
DA:32,0
DA:33,0
DA:37,0
DA:38,0
DA:39,0
DA:43,1
DA:44,1
DA:45,1
DA:47,0
LF:26
LH:17
BRDA:44,0,0,1
BRF:1
BRH:1
end_of_record
TN:
SF:src/configuration/DependecyContainer.ts
FN:34,(anonymous_0)
FNF:1
FNH:1
FNDA:3,(anonymous_0)
DA:1,3
DA:2,3
DA:3,3
DA:4,3
DA:6,3
DA:7,3
DA:22,3
DA:28,3
DA:30,3
DA:32,3
DA:34,3
DA:35,3
DA:36,3
DA:38,3
DA:40,3
DA:41,3
DA:42,3
DA:43,3
DA:45,3
DA:46,3
DA:47,3
DA:48,3
DA:49,3
DA:50,3
DA:52,3
DA:53,3
DA:54,3
DA:55,3
DA:56,3
LF:29
LH:29
BRF:0
BRH:0
end_of_record
TN:
SF:src/configuration/Types.ts
FNF:0
FNH:0
DA:1,3
LF:1
LH:1
BRF:0
BRH:0
end_of_record
TN:
SF:src/domain/entities/AsistenteEntity.ts
FN:15,(anonymous_0)
FN:44,(anonymous_1)
FNF:2
FNH:2
FNDA:1,(anonymous_0)
FNDA:1,(anonymous_1)
DA:1,3
DA:29,1
DA:30,1
DA:31,1
DA:32,1
DA:33,1
DA:34,1
DA:35,1
DA:37,1
DA:38,1
DA:39,1
DA:40,1
DA:41,1
DA:58,1
LF:14
LH:14
BRF:0
BRH:0
end_of_record
TN:
SF:src/domain/entities/EventoEntity.ts
FN:19,(anonymous_0)
FN:55,(anonymous_1)
FN:78,(anonymous_2)
FNF:3
FNH:2
FNDA:1,(anonymous_0)
FNDA:1,(anonymous_1)
FNDA:0,(anonymous_2)
DA:1,3
DA:37,1
DA:38,1
DA:39,1
DA:40,1
DA:41,1
DA:42,1
DA:43,1
DA:44,1
DA:45,1
DA:46,1
DA:47,1
DA:48,1
DA:49,1
DA:50,1
DA:51,1
DA:52,1
DA:73,1
DA:79,0
LF:19
LH:18
BRF:0
BRH:0
end_of_record
TN:
SF:src/domain/entities/ReservaEntity.ts
FN:12,(anonymous_0)
FN:34,(anonymous_1)
FNF:2
FNH:0
FNDA:0,(anonymous_0)
FNDA:0,(anonymous_1)
DA:1,3
DA:23,0
DA:24,0
DA:25,0
DA:26,0
DA:27,0
DA:28,0
DA:29,0
DA:30,0
DA:31,0
DA:45,0
LF:11
LH:1
BRDA:26,0,0,0
BRDA:26,0,1,0
BRDA:38,1,0,0
BRF:3
BRH:0
end_of_record
TN:
SF:src/domain/entities/UsuarioEntity.ts
FN:13,(anonymous_0)
FN:37,(anonymous_1)
FNF:2
FNH:0
FNDA:0,(anonymous_0)
FNDA:0,(anonymous_1)
DA:1,3
DA:25,0
DA:26,0
DA:27,0
DA:28,0
DA:29,0
DA:30,0
DA:31,0
DA:32,0
DA:33,0
DA:34,0
DA:49,0
LF:12
LH:1
BRDA:40,0,0,0
BRDA:41,1,0,0
BRF:2
BRH:0
end_of_record
TN:
SF:src/domain/exceptions/ErrorCode.ts
FN:1,(anonymous_0)
FN:11,(anonymous_1)
FNF:2
FNH:2
FNDA:3,(anonymous_0)
FNDA:3,(anonymous_1)
DA:1,3
DA:2,3
DA:3,3
DA:4,3
DA:5,3
DA:6,3
DA:7,3
DA:8,3
DA:11,3
DA:12,3
DA:13,3
DA:14,3
DA:15,3
DA:16,3
DA:17,3
DA:18,3
DA:19,3
DA:20,3
DA:21,3
DA:22,3
DA:23,3
DA:24,3
DA:25,3
DA:26,3
DA:27,3
DA:28,3
LF:26
LH:26
BRDA:1,0,0,3
BRDA:1,0,1,3
BRDA:11,1,0,3
BRDA:11,1,1,3
BRF:4
BRH:4
end_of_record
TN:
SF:src/domain/exceptions/ErrorMessages.ts
FN:1,(anonymous_0)
FNF:1
FNH:1
FNDA:3,(anonymous_0)
DA:1,3
DA:2,3
LF:2
LH:2
BRDA:1,0,0,3
BRDA:1,0,1,3
BRF:2
BRH:2
end_of_record
TN:
SF:src/domain/exceptions/Exceptions.ts
FN:10,(anonymous_0)
FN:20,(anonymous_1)
FN:26,(anonymous_2)
FN:32,(anonymous_3)
FN:39,(anonymous_4)
FN:45,(anonymous_5)
FN:51,(anonymous_6)
FNF:7
FNH:0
FNDA:0,(anonymous_0)
FNDA:0,(anonymous_1)
FNDA:0,(anonymous_2)
FNDA:0,(anonymous_3)
FNDA:0,(anonymous_4)
FNDA:0,(anonymous_5)
FNDA:0,(anonymous_6)
DA:1,3
DA:3,3
DA:11,0
DA:12,0
DA:13,0
DA:14,0
DA:15,0
DA:19,3
DA:21,0
DA:25,3
DA:27,0
DA:31,3
DA:33,0
DA:34,0
DA:38,3
DA:40,0
DA:44,3
DA:46,0
DA:50,3
DA:52,0
DA:53,0
DA:56,0
DA:57,0
DA:60,0
DA:61,0
DA:64,0
DA:65,0
DA:68,0
DA:69,0
DA:72,0
DA:73,0
DA:76,0
DA:77,0
DA:80,0
DA:81,0
DA:84,0
DA:85,0
DA:88,0
DA:89,0
DA:91,0
DA:92,0
LF:41
LH:8
BRDA:15,0,0,0
BRDA:15,0,1,0
BRDA:53,1,0,0
BRDA:53,1,1,0
BRDA:53,1,2,0
BRDA:53,1,3,0
BRDA:53,1,4,0
BRDA:53,1,5,0
BRDA:53,1,6,0
BRDA:53,1,7,0
BRDA:53,1,8,0
BRDA:53,1,9,0
BRDA:53,1,10,0
BRDA:53,1,11,0
BRDA:53,1,12,0
BRDA:53,1,13,0
BRDA:53,1,14,0
BRDA:53,1,15,0
BRDA:53,1,16,0
BRDA:53,1,17,0
BRDA:53,1,18,0
BRF:21
BRH:0
end_of_record
TN:
SF:src/domain/response/Result.ts
FN:10,(anonymous_0)
FN:18,(anonymous_1)
FNF:2
FNH:1
FNDA:6,(anonymous_0)
FNDA:0,(anonymous_1)
DA:9,3
DA:11,6
DA:19,0
LF:3
LH:2
BRDA:13,0,0,6
BRDA:13,0,1,0
BRF:2
BRH:1
end_of_record
TN:
SF:src/domain/services/CorreoDomainService.ts
FN:1,(anonymous_0)
FNF:1
FNH:1
FNDA:1,(anonymous_0)
DA:1,3
DA:2,1
DA:3,1
DA:4,0
DA:6,1
DA:7,0
DA:9,1
LF:7
LH:5
BRDA:3,0,0,0
BRDA:6,1,0,0
BRF:2
BRH:0
end_of_record
TN:
SF:src/domain/services/CriptografiaDomainService.ts
FN:3,encryptPassword
FN:10,validatePassword
FNF:2
FNH:0
FNDA:0,encryptPassword
FNDA:0,validatePassword
DA:1,3
DA:3,3
DA:4,0
DA:5,0
DA:6,0
DA:10,3
DA:11,0
LF:7
LH:3
BRF:0
BRH:0
end_of_record
TN:
SF:src/domain/services/DireccionDomainService.ts
FN:1,(anonymous_0)
FNF:1
FNH:1
FNDA:2,(anonymous_0)
DA:1,3
DA:2,2
LF:2
LH:2
BRF:0
BRH:0
end_of_record
TN:
SF:src/domain/services/TokenDomainServices.ts
FN:5,(anonymous_1)
FN:9,(anonymous_2)
FNF:2
FNH:0
FNDA:0,(anonymous_1)
FNDA:0,(anonymous_2)
DA:2,3
DA:3,3
DA:5,3
DA:6,0
DA:9,3
DA:10,0
DA:12,0
DA:13,0
DA:16,0
DA:17,0
LF:10
LH:4
BRF:0
BRH:0
end_of_record
TN:
SF:src/infrastructure/api/Application.ts
FN:17,(anonymous_1)
FN:41,(anonymous_2)
FNF:2
FNH:1
FNDA:6,(anonymous_1)
FNDA:0,(anonymous_2)
DA:2,3
DA:3,3
DA:4,3
DA:5,3
DA:6,3
DA:7,3
DA:8,3
DA:9,3
DA:10,3
DA:11,3
DA:12,3
DA:13,3
DA:14,3
DA:16,3
DA:17,6
DA:30,3
DA:31,3
DA:34,3
DA:35,3
DA:36,3
DA:39,3
DA:42,0
DA:47,3
DA:48,3
LF:24
LH:23
BRF:0
BRH:0
end_of_record
TN:
SF:src/infrastructure/api-client/MapApiClient.ts
FN:10,(anonymous_2)
FN:17,(anonymous_3)
FN:32,(anonymous_4)
FN:38,(anonymous_5)
FNF:4
FNH:0
FNDA:0,(anonymous_2)
FNDA:0,(anonymous_3)
FNDA:0,(anonymous_4)
FNDA:0,(anonymous_5)
DA:1,3
DA:2,3
DA:4,3
DA:5,3
DA:9,3
DA:11,0
DA:12,0
DA:13,0
DA:14,0
DA:15,0
DA:16,0
DA:17,0
DA:22,0
DA:23,0
DA:26,0
DA:27,0
DA:33,0
DA:34,0
DA:35,0
DA:36,0
DA:37,0
DA:38,0
DA:43,0
DA:44,0
DA:47,0
DA:48,0
LF:26
LH:5
BRDA:16,0,0,0
BRDA:16,0,1,0
BRDA:16,1,0,0
BRDA:16,1,1,0
BRDA:37,2,0,0
BRDA:37,2,1,0
BRDA:37,3,0,0
BRDA:37,3,1,0
BRF:8
BRH:0
end_of_record
TN:
SF:src/infrastructure/api/middlewares/CommonMiddleware.ts
FN:13,(anonymous_1)
FN:27,(anonymous_2)
FN:52,(anonymous_3)
FNF:3
FNH:3
FNDA:3,(anonymous_1)
FNDA:6,(anonymous_2)
FNDA:6,(anonymous_3)
DA:2,3
DA:3,3
DA:4,3
DA:5,3
DA:6,3
DA:7,3
DA:8,3
DA:9,3
DA:13,3
DA:14,3
DA:15,3
DA:16,3
DA:27,3
DA:28,6
DA:29,6
DA:30,6
DA:52,3
DA:53,6
DA:54,6
DA:55,6
DA:56,0
DA:59,6
DA:60,6
DA:61,6
DA:63,6
DA:65,0
DA:66,0
DA:71,0
LF:28
LH:24
BRDA:32,0,0,6
BRDA:32,0,1,0
BRDA:32,1,0,6
BRDA:32,1,1,6
BRDA:38,2,0,2
BRDA:38,2,1,4
BRDA:38,3,0,6
BRDA:38,3,1,6
BRDA:39,4,0,0
BRDA:39,4,1,6
BRDA:40,5,0,0
BRDA:40,5,1,6
BRDA:55,6,0,0
BRDA:55,7,0,6
BRDA:55,7,1,6
BRDA:63,8,0,0
BRF:16
BRH:11
end_of_record
TN:
SF:src/infrastructure/api/middlewares/ErrorMiddleware.ts
FN:4,(anonymous_0)
FN:15,(anonymous_1)
FN:30,(anonymous_2)
FN:31,(anonymous_3)
FNF:4
FNH:1
FNDA:0,(anonymous_0)
FNDA:0,(anonymous_1)
FNDA:3,(anonymous_2)
FNDA:0,(anonymous_3)
DA:2,3
DA:4,3
DA:5,0
DA:15,3
DA:16,0
DA:17,0
DA:18,0
DA:20,0
DA:21,0
DA:22,0
DA:23,0
DA:25,0
DA:26,0
DA:30,3
DA:31,3
DA:32,0
DA:33,0
DA:34,0
LF:18
LH:5
BRDA:8,0,0,0
BRDA:8,0,1,0
BRDA:9,1,0,0
BRDA:9,1,1,0
BRDA:11,2,0,0
BRDA:11,2,1,0
BRDA:17,3,0,0
BRDA:21,4,0,0
BRDA:22,5,0,0
BRDA:22,5,1,0
BRDA:33,6,0,0
BRDA:33,6,1,0
BRDA:33,7,0,0
BRDA:33,7,1,0
BRDA:33,8,0,0
BRDA:33,8,1,0
BRF:16
BRH:0
end_of_record
TN:
SF:src/infrastructure/api/routers/AsistenteRouter.ts
FN:7,(anonymous_0)
FN:14,(anonymous_1)
FN:31,(anonymous_2)
FN:37,(anonymous_3)
FNF:4
FNH:2
FNDA:1,(anonymous_0)
FNDA:1,(anonymous_1)
FNDA:0,(anonymous_2)
FNDA:0,(anonymous_3)
DA:1,3
DA:2,3
DA:5,3
DA:7,3
DA:8,1
DA:9,1
DA:10,1
DA:11,1
DA:14,3
DA:15,1
DA:16,1
DA:17,1
DA:18,1
DA:20,0
DA:21,0
DA:31,3
DA:32,0
DA:33,0
DA:34,0
DA:37,3
DA:38,0
DA:39,0
DA:40,0
LF:23
LH:15
BRDA:20,0,0,0
BRF:1
BRH:0
end_of_record
TN:
SF:src/infrastructure/api/routers/AutenticacionRouter.ts
FN:6,(anonymous_0)
FN:12,(anonymous_1)
FNF:2
FNH:0
FNDA:0,(anonymous_0)
FNDA:0,(anonymous_1)
DA:1,3
DA:4,3
DA:6,3
DA:7,0
DA:8,0
DA:9,0
DA:12,3
DA:13,0
DA:14,0
DA:15,0
LF:10
LH:4
BRF:0
BRH:0
end_of_record
TN:
SF:src/infrastructure/api/routers/EventoRouter.ts
FN:15,(anonymous_7)
FN:22,(anonymous_8)
FN:28,(anonymous_9)
FN:34,(anonymous_10)
FN:40,(anonymous_11)
FN:46,(anonymous_12)
FN:52,(anonymous_13)
FN:59,(anonymous_14)
FN:75,(anonymous_15)
FN:84,(anonymous_16)
FN:97,(anonymous_17)
FNF:11
FNH:2
FNDA:1,(anonymous_7)
FNDA:1,(anonymous_8)
FNDA:0,(anonymous_9)
FNDA:0,(anonymous_10)
FNDA:0,(anonymous_11)
FNDA:0,(anonymous_12)
FNDA:0,(anonymous_13)
FNDA:0,(anonymous_14)
FNDA:0,(anonymous_15)
FNDA:0,(anonymous_16)
FNDA:0,(anonymous_17)
DA:1,3
DA:2,3
DA:11,3
DA:12,3
DA:13,3
DA:15,3
DA:16,1
DA:17,1
DA:18,1
DA:19,1
DA:22,3
DA:23,1
DA:24,1
DA:25,1
DA:28,3
DA:29,0
DA:30,0
DA:31,0
DA:34,3
DA:35,0
DA:36,0
DA:37,0
DA:38,0
DA:40,3
DA:41,0
DA:42,0
DA:43,0
DA:46,3
DA:47,0
DA:48,0
DA:49,0
DA:52,3
DA:53,0
DA:54,0
DA:55,0
DA:56,0
DA:59,3
DA:60,0
DA:61,0
DA:62,0
DA:64,0
DA:65,0
DA:66,0
DA:67,0
DA:68,0
DA:69,0
DA:70,0
DA:72,0
DA:75,3
DA:76,0
DA:77,0
DA:78,0
DA:80,0
DA:82,0
DA:83,0
DA:84,0
DA:85,0
DA:86,0
DA:87,0
DA:89,0
DA:90,0
DA:92,0
DA:93,0
DA:97,3
DA:98,0
DA:99,0
DA:100,0
LF:67
LH:22
BRDA:61,0,0,0
BRDA:65,1,0,0
BRDA:65,1,1,0
BRDA:67,2,0,0
BRDA:67,2,1,0
BRDA:69,3,0,0
BRDA:77,4,0,0
BRDA:85,5,0,0
BRDA:85,5,1,0
BRDA:85,6,0,0
BRDA:85,6,1,0
BRDA:86,7,0,0
BRDA:86,7,1,0
BRDA:86,8,0,0
BRDA:86,8,1,0
BRDA:87,9,0,0
BRDA:87,9,1,0
BRDA:87,10,0,0
BRDA:87,10,1,0
BRF:19
BRH:0
end_of_record
TN:
SF:src/infrastructure/api/routers/ReservaRouter.ts
FN:10,(anonymous_0)
FN:17,(anonymous_1)
FN:23,(anonymous_2)
FN:29,(anonymous_3)
FNF:4
FNH:2
FNDA:1,(anonymous_0)
FNDA:0,(anonymous_1)
FNDA:0,(anonymous_2)
FNDA:1,(anonymous_3)
DA:1,3
DA:2,3
DA:10,3
DA:11,1
DA:12,1
DA:13,1
DA:14,1
DA:17,3
DA:18,0
DA:19,0
DA:20,0
DA:23,3
DA:24,0
DA:25,0
DA:26,0
DA:29,3
DA:30,1
DA:31,1
DA:32,1
DA:33,1
LF:20
LH:14
BRF:0
BRH:0
end_of_record
TN:
SF:src/infrastructure/api/schemas/Messages.ts
FN:1,(anonymous_0)
FNF:1
FNH:0
FNDA:0,(anonymous_0)
DA:1,3
LF:1
LH:1
BRF:0
BRH:0
end_of_record
TN:
SF:src/infrastructure/api/schemas/PubSubSchema.ts
FNF:0
FNH:0
DA:1,3
DA:13,3
LF:2
LH:2
BRF:0
BRH:0
end_of_record
TN:
SF:src/infrastructure/api/swagger/config.ts
FN:28,(anonymous_0)
FNF:1
FNH:0
FNDA:0,(anonymous_0)
DA:1,3
DA:21,3
DA:28,0
LF:3
LH:2
BRF:0
BRH:0
end_of_record
TN:
SF:src/infrastructure/api/swagger/schemas/asistenteSchema.ts
FNF:0
FNH:0
DA:3,3
DA:100,3
DA:173,3
DA:274,3
LF:4
LH:4
BRF:0
BRH:0
end_of_record
TN:
SF:src/infrastructure/api/swagger/schemas/autenticacionSchema.ts
FNF:0
FNH:0
DA:3,3
DA:55,3
LF:2
LH:2
BRF:0
BRH:0
end_of_record
TN:
SF:src/infrastructure/api/swagger/schemas/eventoSchema.ts
FNF:0
FNH:0
DA:3,3
DA:61,3
DA:116,3
DA:192,3
DA:313,3
DA:398,3
DA:453,3
DA:518,3
DA:578,3
DA:640,3
LF:10
LH:10
BRF:0
BRH:0
end_of_record
TN:
SF:src/infrastructure/api/swagger/schemas/reservaSchema.ts
FNF:0
FNH:0
DA:3,3
DA:84,3
DA:148,3
DA:219,3
LF:4
LH:4
BRF:0
BRH:0
end_of_record
TN:
SF:src/infrastructure/api/util/JoiDate.ts
FNF:0
FNH:0
DA:1,0
DA:2,0
LF:2
LH:0
BRF:0
BRH:0
end_of_record
TN:
SF:src/infrastructure/api/util/Schemas.ts
FN:9,(anonymous_0)
FN:21,(anonymous_1)
FN:35,(anonymous_2)
FNF:3
FNH:1
FNDA:0,(anonymous_0)
FNDA:0,(anonymous_1)
FNDA:6,(anonymous_2)
DA:2,3
DA:3,3
DA:4,3
DA:9,3
DA:10,0
DA:11,0
DA:12,0
DA:13,0
DA:14,0
DA:16,0
DA:18,0
DA:21,3
DA:22,0
DA:23,0
DA:24,0
DA:25,0
DA:26,0
DA:27,0
DA:28,0
DA:30,0
DA:32,0
DA:35,3
DA:36,6
DA:37,2
DA:38,2
DA:40,6
LF:26
LH:10
BRDA:10,0,0,0
BRDA:12,1,0,0
BRDA:23,2,0,0
BRDA:26,3,0,0
BRDA:36,4,0,2
BRDA:38,5,0,0
BRF:6
BRH:1
end_of_record
TN:
SF:src/infrastructure/colas/ColaEventos.ts
FN:10,(anonymous_7)
FN:18,(anonymous_8)
FNF:2
FNH:0
FNDA:0,(anonymous_7)
FNDA:0,(anonymous_8)
DA:1,3
DA:2,3
DA:3,3
DA:4,3
DA:5,3
DA:6,3
DA:8,3
DA:10,3
DA:11,0
DA:12,0
DA:13,0
DA:14,0
DA:15,0
DA:16,0
DA:17,0
DA:18,0
DA:19,0
DA:21,0
DA:22,0
DA:23,0
DA:25,0
DA:28,0
LF:22
LH:8
BRF:0
BRH:0
end_of_record
TN:
SF:src/infrastructure/repositories/postgres/adapter/PostgresEventsAdapter.ts
FN:10,(anonymous_1)
FNF:1
FNH:1
FNDA:3,(anonymous_1)
DA:1,3
DA:2,3
DA:4,3
DA:5,3
DA:6,3
DA:10,3
DA:11,3
DA:16,3
DA:17,3
DA:21,3
DA:24,3
DA:25,3
LF:12
LH:12
BRDA:16,0,0,3
BRDA:16,0,1,3
BRF:2
BRH:2
end_of_record
TN:
SF:src/infrastructure/repositories/postgres/adapter/config.ts
FNF:0
FNH:0
DA:2,3
DA:4,3
DA:11,3
LF:3
LH:3
BRF:0
BRH:0
end_of_record
TN:
SF:src/infrastructure/repositories/postgres/dao/AsistentesDao.ts
FN:9,(anonymous_1)
FN:12,(anonymous_2)
FN:27,(anonymous_3)
FN:37,(anonymous_4)
FN:47,(anonymous_5)
FN:58,(anonymous_6)
FNF:6
FNH:3
FNDA:2,(anonymous_1)
FNDA:0,(anonymous_2)
FNDA:1,(anonymous_3)
FNDA:0,(anonymous_4)
FNDA:0,(anonymous_5)
FNDA:1,(anonymous_6)
DA:1,3
DA:2,3
DA:5,3
DA:9,3
DA:10,2
DA:13,0
DA:14,0
DA:15,0
DA:16,0
DA:17,0
DA:19,0
DA:20,0
DA:22,0
DA:23,0
DA:28,1
DA:29,1
DA:30,1
DA:32,0
DA:33,0
DA:38,0
DA:39,0
DA:40,0
DA:42,0
DA:43,0
DA:48,0
DA:49,0
DA:50,0
DA:51,0
DA:53,0
DA:54,0
DA:59,1
DA:60,1
DA:61,1
DA:62,1
DA:63,1
DA:65,1
DA:66,1
DA:68,0
DA:69,0
LF:39
LH:15
BRDA:16,0,0,0
BRDA:20,1,0,0
BRDA:20,1,1,0
BRDA:20,2,0,0
BRDA:20,2,1,0
BRDA:51,3,0,0
BRDA:51,3,1,0
BRDA:51,4,0,0
BRDA:51,4,1,0
BRDA:62,5,0,1
BRF:10
BRH:1
end_of_record
TN:
SF:src/infrastructure/repositories/postgres/dao/EventosDao.ts
FN:9,(anonymous_1)
FN:12,(anonymous_2)
FN:23,(anonymous_3)
FN:33,(anonymous_4)
FN:44,(anonymous_5)
FN:58,(anonymous_6)
FN:67,(anonymous_7)
FNF:7
FNH:3
FNDA:2,(anonymous_1)
FNDA:0,(anonymous_2)
FNDA:1,(anonymous_3)
FNDA:0,(anonymous_4)
FNDA:1,(anonymous_5)
FNDA:0,(anonymous_6)
FNDA:0,(anonymous_7)
DA:1,3
DA:2,3
DA:5,3
DA:9,3
DA:10,2
DA:13,0
DA:14,0
DA:15,0
DA:16,0
DA:18,0
DA:19,0
DA:24,1
DA:25,1
DA:26,1
DA:28,0
DA:29,0
DA:34,0
DA:35,0
DA:36,0
DA:37,0
DA:39,0
DA:40,0
DA:45,1
DA:46,1
DA:47,1
DA:48,1
DA:49,1
DA:51,1
DA:52,1
DA:54,0
DA:55,0
DA:59,0
DA:60,0
DA:61,0
DA:63,0
DA:64,0
DA:68,0
DA:69,0
DA:74,0
DA:76,0
DA:77,0
LF:41
LH:15
BRDA:16,0,0,0
BRDA:16,0,1,0
BRDA:16,1,0,0
BRDA:16,1,1,0
BRDA:37,2,0,0
BRDA:37,2,1,0
BRDA:37,3,0,0
BRDA:37,3,1,0
BRDA:48,4,0,1
BRF:9
BRH:1
end_of_record
TN:
SF:src/infrastructure/repositories/postgres/dao/ReservaDao.ts
FN:9,(anonymous_1)
FN:12,(anonymous_2)
FN:30,(anonymous_3)
FN:40,(anonymous_4)
FN:51,(anonymous_5)
FN:68,(anonymous_6)
FNF:6
FNH:3
FNDA:2,(anonymous_1)
FNDA:0,(anonymous_2)
FNDA:1,(anonymous_3)
FNDA:1,(anonymous_4)
FNDA:0,(anonymous_5)
FNDA:0,(anonymous_6)
DA:1,3
DA:2,3
DA:5,3
DA:9,3
DA:10,2
DA:13,0
DA:14,0
DA:19,0
DA:23,0
DA:25,0
DA:26,0
DA:31,1
DA:32,1
DA:33,1
DA:35,0
DA:36,0
DA:41,1
DA:42,1
DA:43,1
DA:44,1
DA:46,0
DA:47,0
DA:52,0
DA:53,0
DA:57,0
DA:62,0
DA:64,0
DA:65,0
DA:69,0
DA:70,0
DA:74,0
DA:75,0
DA:77,0
DA:78,0
LF:34
LH:12
BRDA:23,0,0,0
BRDA:23,0,1,0
BRDA:23,1,0,0
BRDA:23,1,1,0
BRDA:44,2,0,0
BRDA:44,2,1,1
BRDA:44,3,0,1
BRDA:44,3,1,1
BRF:8
BRH:3
end_of_record
TN:
SF:src/infrastructure/repositories/postgres/dao/UsuariosDao.ts
FN:9,(anonymous_1)
FN:12,(anonymous_2)
FN:22,(anonymous_3)
FNF:3
FNH:2
FNDA:3,(anonymous_1)
FNDA:0,(anonymous_2)
FNDA:6,(anonymous_3)
DA:1,3
DA:2,3
DA:4,3
DA:9,3
DA:10,3
DA:13,0
DA:14,0
DA:15,0
DA:16,0
DA:18,0
DA:19,0
DA:23,6
DA:24,6
DA:25,6
DA:26,6
DA:28,0
DA:29,0
LF:17
LH:9
BRF:0
BRH:0
end_of_record
TN:
SF:src/infrastructure/repositories/redisdb/adapter/RedisAdapter.ts
FNF:0
FNH:0
DA:1,3
DA:2,3
DA:4,3
DA:5,3
DA:6,3
DA:8,3
DA:13,3
LF:7
LH:7
BRF:0
BRH:0
end_of_record
TN:
SF:src/infrastructure/repositories/redisdb/dao/ReservasCacheDao.ts
FN:9,(anonymous_1)
FN:12,(anonymous_2)
FN:16,(anonymous_3)
FN:21,(anonymous_4)
FNF:4
FNH:1
FNDA:2,(anonymous_1)
FNDA:0,(anonymous_2)
FNDA:0,(anonymous_3)
FNDA:0,(anonymous_4)
DA:1,3
DA:2,3
DA:4,3
DA:9,3
DA:10,2
DA:13,0
DA:17,0
DA:18,0
DA:22,0
LF:9
LH:5
BRDA:18,0,0,0
BRDA:18,0,1,0
BRF:2
BRH:0
end_of_record
TN:
SF:src/infrastructure/services/AsistenteInfraService.ts
FN:9,(anonymous_1)
FN:13,(anonymous_2)
FN:41,(anonymous_3)
FN:49,(anonymous_4)
FN:57,(anonymous_5)
FN:61,(anonymous_6)
FNF:6
FNH:3
FNDA:2,(anonymous_1)
FNDA:0,(anonymous_2)
FNDA:0,(anonymous_3)
FNDA:1,(anonymous_4)
FNDA:0,(anonymous_5)
FNDA:1,(anonymous_6)
DA:1,3
DA:2,3
DA:3,3
DA:6,3
DA:9,3
DA:10,2
DA:11,2
DA:14,0
DA:15,0
DA:16,0
DA:18,0
DA:19,0
DA:21,0
DA:22,0
DA:23,0
DA:25,0
DA:26,0
DA:28,0
DA:29,0
DA:31,0
DA:32,0
DA:34,0
DA:35,0
DA:36,0
DA:38,0
DA:42,0
DA:43,0
DA:44,0
DA:46,0
DA:50,1
DA:51,1
DA:52,1
DA:54,0
DA:58,0
DA:62,1
DA:63,1
DA:64,1
DA:65,1
DA:67,0
LF:39
LH:14
BRDA:15,0,0,0
BRDA:18,1,0,0
BRDA:21,2,0,0
BRDA:25,3,0,0
BRDA:28,4,0,0
BRDA:31,5,0,0
BRDA:35,6,0,0
BRDA:43,7,0,0
BRDA:51,8,0,1
BRDA:64,9,0,1
BRF:10
BRH:2
end_of_record
TN:
SF:src/infrastructure/services/EventoInfraService.ts
FN:16,(anonymous_1)
FN:21,(anonymous_2)
FN:47,(anonymous_3)
FN:54,(anonymous_4)
FN:57,(anonymous_5)
FN:66,(anonymous_6)
FN:73,(anonymous_7)
FN:90,(anonymous_8)
FNF:8
FNH:3
FNDA:2,(anonymous_1)
FNDA:0,(anonymous_2)
FNDA:1,(anonymous_3)
FNDA:0,(anonymous_4)
FNDA:1,(anonymous_5)
FNDA:0,(anonymous_6)
FNDA:0,(anonymous_7)
FNDA:0,(anonymous_8)
DA:1,3
DA:2,3
DA:3,3
DA:12,3
DA:13,3
DA:16,3
DA:17,2
DA:18,2
DA:19,2
DA:22,0
DA:23,0
DA:24,0
DA:26,0
DA:27,0
DA:29,0
DA:30,0
DA:32,0
DA:33,0
DA:35,0
DA:36,0
DA:38,0
DA:39,0
DA:41,0
DA:42,0
DA:43,0
DA:45,0
DA:48,1
DA:49,1
DA:50,1
DA:52,0
DA:55,0
DA:58,1
DA:59,1
DA:60,1
DA:61,1
DA:62,1
DA:64,0
DA:67,0
DA:68,0
DA:69,0
DA:71,0
DA:74,0
DA:75,0
DA:76,0
DA:78,0
DA:79,0
DA:91,0
DA:92,0
DA:93,0
DA:95,0
LF:50
LH:17
BRDA:23,0,0,0
BRDA:26,1,0,0
BRDA:29,2,0,0
BRDA:32,3,0,0
BRDA:35,4,0,0
BRDA:38,5,0,0
BRDA:42,6,0,0
BRDA:49,7,0,1
BRDA:61,8,0,1
BRDA:68,9,0,0
BRDA:75,10,0,0
BRDA:80,11,0,0
BRDA:80,11,1,0
BRDA:92,12,0,0
BRF:14
BRH:2
end_of_record
TN:
SF:src/infrastructure/services/MapInfraService.ts
FN:9,(anonymous_1)
FN:12,(anonymous_2)
FN:20,(anonymous_3)
FN:24,(anonymous_4)
FNF:4
FNH:2
FNDA:3,(anonymous_1)
FNDA:2,(anonymous_2)
FNDA:0,(anonymous_3)
FNDA:0,(anonymous_4)
DA:1,3
DA:2,3
DA:3,3
DA:5,3
DA:9,3
DA:10,3
DA:13,2
DA:14,2
DA:15,2
DA:16,2
DA:18,0
DA:21,0
DA:22,0
DA:23,0
DA:24,0
DA:25,0
DA:30,0
DA:32,0
LF:18
LH:10
BRDA:15,0,0,2
BRDA:22,1,0,0
BRF:2
BRH:1
end_of_record
TN:
SF:src/infrastructure/services/ReservaCacheInfraService.ts
FN:8,(anonymous_1)
FN:11,(anonymous_2)
FN:15,(anonymous_3)
FN:19,(anonymous_4)
FNF:4
FNH:1
FNDA:2,(anonymous_1)
FNDA:0,(anonymous_2)
FNDA:0,(anonymous_3)
FNDA:0,(anonymous_4)
DA:1,3
DA:2,3
DA:3,3
DA:8,3
DA:9,2
DA:12,0
DA:16,0
DA:20,0
LF:8
LH:5
BRF:0
BRH:0
end_of_record
TN:
SF:src/infrastructure/services/ReservaInfraService.ts
FN:8,(anonymous_1)
FN:11,(anonymous_2)
FN:31,(anonymous_3)
FN:39,(anonymous_4)
FN:43,(anonymous_5)
FN:50,(anonymous_6)
FNF:6
FNH:3
FNDA:2,(anonymous_1)
FNDA:0,(anonymous_2)
FNDA:1,(anonymous_3)
FNDA:1,(anonymous_4)
FNDA:0,(anonymous_5)
FNDA:0,(anonymous_6)
DA:1,3
DA:2,3
DA:3,3
DA:8,3
DA:9,2
DA:12,0
DA:13,0
DA:14,0
DA:17,0
DA:18,0
DA:20,0
DA:21,0
DA:24,0
DA:25,0
DA:26,0
DA:28,0
DA:32,1
DA:33,1
DA:34,1
DA:36,0
DA:40,1
DA:44,0
DA:45,0
DA:46,0
DA:48,0
DA:51,0
LF:26
LH:9
BRDA:13,0,0,0
BRDA:17,1,0,0
BRDA:20,2,0,0
BRDA:25,3,0,0
BRDA:33,4,0,1
BRDA:45,5,0,0
BRF:6
BRH:1
end_of_record
TN:
SF:src/util/Buffer.ts
FN:1,(anonymous_0)
FNF:1
FNH:0
FNDA:0,(anonymous_0)
DA:1,6
DA:2,0
LF:2
LH:1
BRF:0
BRH:0
end_of_record
TN:
SF:src/util/Envs.ts
FNF:0
FNH:0
DA:1,6
DA:3,6
DA:5,6
DA:7,6
DA:9,6
DA:11,6
DA:13,6
DA:15,6
DA:17,6
DA:19,6
DA:21,6
DA:23,6
DA:25,6
DA:27,6
LF:14
LH:14
BRDA:1,0,0,6
BRDA:1,0,1,0
BRDA:1,1,0,0
BRDA:1,1,1,6
BRDA:1,2,0,6
BRDA:1,2,1,6
BRDA:7,3,0,6
BRDA:7,3,1,6
BRDA:13,4,0,6
BRDA:13,4,1,6
BRDA:15,5,0,6
BRDA:15,5,1,6
BRDA:17,6,0,6
BRDA:17,6,1,6
BRDA:19,7,0,0
BRDA:19,7,1,6
BRDA:19,8,0,6
BRDA:19,8,1,6
BRDA:21,9,0,6
BRDA:21,9,1,6
BRDA:23,10,0,6
BRDA:23,10,1,6
BRDA:25,11,0,6
BRDA:25,11,1,6
BRDA:27,12,0,6
BRDA:27,12,1,6
BRF:26
BRH:23
end_of_record
TN:
SF:src/util/JSON.ts
FN:1,(anonymous_0)
FNF:1
FNH:0
FNDA:0,(anonymous_0)
DA:1,6
DA:2,0
DA:3,0
DA:5,0
DA:6,0
LF:5
LH:1
BRF:0
BRH:0
end_of_record
